::1 - - [05/Dec/2020:08:47:17 +0000] "GET / HTTP/1.1" 404 139 "-" "Mozilla/5.0 (Windows NT 10.0; Win64; x64) AppleWebKit/537.36 (KHTML, like Gecko) Chrome/87.0.4280.88 Safari/537.36"
::1 - - [05/Dec/2020:08:51:02 +0000] "GET / HTTP/1.1" 404 139 "-" "Mozilla/5.0 (Windows NT 10.0; Win64; x64) AppleWebKit/537.36 (KHTML, like Gecko) Chrome/87.0.4280.88 Safari/537.36"
::1 - - [05/Dec/2020:08:51:03 +0000] "GET / HTTP/1.1" 404 139 "-" "Mozilla/5.0 (Windows NT 10.0; Win64; x64) AppleWebKit/537.36 (KHTML, like Gecko) Chrome/87.0.4280.88 Safari/537.36"
::1 - - [05/Dec/2020:08:51:03 +0000] "GET / HTTP/1.1" 404 139 "-" "Mozilla/5.0 (Windows NT 10.0; Win64; x64) AppleWebKit/537.36 (KHTML, like Gecko) Chrome/87.0.4280.88 Safari/537.36"
::1 - - [05/Dec/2020:08:51:04 +0000] "GET / HTTP/1.1" 404 139 "-" "Mozilla/5.0 (Windows NT 10.0; Win64; x64) AppleWebKit/537.36 (KHTML, like Gecko) Chrome/87.0.4280.88 Safari/537.36"
::1 - - [05/Dec/2020:08:51:24 +0000] "GET /api/getAllData HTTP/1.1" 500 43 "-" "Mozilla/5.0 (Windows NT 10.0; Win64; x64) AppleWebKit/537.36 (KHTML, like Gecko) Chrome/87.0.4280.88 Safari/537.36"
::1 - - [05/Dec/2020:09:13:31 +0000] "GET /api/getAllData HTTP/1.1" 500 36 "-" "Mozilla/5.0 (Windows NT 10.0; Win64; x64) AppleWebKit/537.36 (KHTML, like Gecko) Chrome/87.0.4280.88 Safari/537.36"
::1 - - [05/Dec/2020:09:13:47 +0000] "GET /api/getAllData HTTP/1.1" 500 36 "-" "PostmanRuntime/7.26.8"
::1 - - [05/Dec/2020:09:20:38 +0000] "GET /api/getAllData HTTP/1.1" 200 2 "-" "PostmanRuntime/7.26.8"
::1 - - [05/Dec/2020:09:23:35 +0000] "POST /api/addNewData HTTP/1.1" 500 27 "-" "PostmanRuntime/7.26.8"
::1 - - [05/Dec/2020:09:26:04 +0000] "POST /api/addNewData HTTP/1.1" 200 48 "-" "PostmanRuntime/7.26.8"
::1 - - [05/Dec/2020:09:26:15 +0000] "GET /api/getAllData HTTP/1.1" 200 62 "-" "PostmanRuntime/7.26.8"
::1 - - [05/Dec/2020:09:27:01 +0000] "POST /api/addNewData HTTP/1.1" 200 48 "-" "PostmanRuntime/7.26.8"
::1 - - [05/Dec/2020:09:27:05 +0000] "GET /api/getAllData HTTP/1.1" 200 127 "-" "PostmanRuntime/7.26.8"
::1 - - [05/Dec/2020:09:29:46 +0000] "PUT /api/updateData HTTP/1.1" 200 48 "-" "PostmanRuntime/7.26.8"
::1 - - [05/Dec/2020:09:29:55 +0000] "GET /api/getAllData HTTP/1.1" 200 134 "-" "PostmanRuntime/7.26.8"
::1 - - [05/Dec/2020:09:30:00 +0000] "GET /api/getAllData HTTP/1.1" 200 134 "-" "PostmanRuntime/7.26.8"
::1 - - [05/Dec/2020:09:34:17 +0000] "PUT /api/updateData HTTP/1.1" 200 48 "-" "PostmanRuntime/7.26.8"
::1 - - [05/Dec/2020:09:34:26 +0000] "GET /api/getAllData HTTP/1.1" 200 142 "-" "PostmanRuntime/7.26.8"
::1 - - [05/Dec/2020:19:04:15 +0000] "GET /api/getAllData HTTP/1.1" 200 142 "-" "PostmanRuntime/7.26.8"
::1 - - [05/Dec/2020:19:06:44 +0000] "DELETE /api/deleteData HTTP/1.1" 200 48 "-" "PostmanRuntime/7.26.8"
::1 - - [05/Dec/2020:19:06:51 +0000] "GET /api/getAllData HTTP/1.1" 200 73 "-" "PostmanRuntime/7.26.8"
::1 - - [05/Dec/2020:19:19:14 +0000] "POST /api/addNewData HTTP/1.1" 200 48 "-" "PostmanRuntime/7.26.8"
::1 - - [05/Dec/2020:19:19:41 +0000] "POST /api/addNewData HTTP/1.1" 200 48 "-" "PostmanRuntime/7.26.8"
::1 - - [05/Dec/2020:19:19:42 +0000] "POST /api/addNewData HTTP/1.1" 200 48 "-" "PostmanRuntime/7.26.8"
::1 - - [05/Dec/2020:19:19:53 +0000] "POST /api/addNewData HTTP/1.1" 200 48 "-" "PostmanRuntime/7.26.8"
::1 - - [05/Dec/2020:19:19:58 +0000] "POST /api/addNewData HTTP/1.1" 200 48 "-" "PostmanRuntime/7.26.8"
::1 - - [05/Dec/2020:19:20:02 +0000] "POST /api/addNewData HTTP/1.1" 200 48 "-" "PostmanRuntime/7.26.8"
::1 - - [05/Dec/2020:19:20:09 +0000] "PUT /api/updateData HTTP/1.1" 200 48 "-" "PostmanRuntime/7.26.8"
::1 - - [05/Dec/2020:19:20:26 +0000] "PUT /api/updateData HTTP/1.1" 200 48 "-" "PostmanRuntime/7.26.8"
::1 - - [05/Dec/2020:19:21:39 +0000] "GET /api/getAllData HTTP/1.1" 200 352 "-" "PostmanRuntime/7.26.8"
::1 - - [07/Dec/2020:12:45:49 +0000] "GET /test/1 HTTP/1.1" 404 145 "-" "Mozilla/5.0 (Windows NT 10.0; Win64; x64) AppleWebKit/537.36 (KHTML, like Gecko) Chrome/87.0.4280.88 Safari/537.36"
::1 - - [07/Dec/2020:12:45:53 +0000] "GET / HTTP/1.1" 404 139 "-" "Mozilla/5.0 (Windows NT 10.0; Win64; x64) AppleWebKit/537.36 (KHTML, like Gecko) Chrome/87.0.4280.88 Safari/537.36"
::1 - - [07/Dec/2020:12:46:24 +0000] "GET /getAllData HTTP/1.1" 404 149 "-" "Mozilla/5.0 (Windows NT 10.0; Win64; x64) AppleWebKit/537.36 (KHTML, like Gecko) Chrome/87.0.4280.88 Safari/537.36"
::1 - - [07/Dec/2020:12:46:47 +0000] "GET /api/getAllData' HTTP/1.1" 404 158 "-" "Mozilla/5.0 (Windows NT 10.0; Win64; x64) AppleWebKit/537.36 (KHTML, like Gecko) Chrome/87.0.4280.88 Safari/537.36"
::1 - - [07/Dec/2020:12:46:49 +0000] "GET /api/getAllData' HTTP/1.1" 404 158 "-" "Mozilla/5.0 (Windows NT 10.0; Win64; x64) AppleWebKit/537.36 (KHTML, like Gecko) Chrome/87.0.4280.88 Safari/537.36"
::1 - - [07/Dec/2020:12:46:55 +0000] "GET /api/getAllData HTTP/1.1" 200 352 "-" "Mozilla/5.0 (Windows NT 10.0; Win64; x64) AppleWebKit/537.36 (KHTML, like Gecko) Chrome/87.0.4280.88 Safari/537.36"
::1 - - [07/Dec/2020:12:46:55 +0000] "GET /favicon.ico HTTP/1.1" 404 150 "http://localhost:3000/api/getAllData" "Mozilla/5.0 (Windows NT 10.0; Win64; x64) AppleWebKit/537.36 (KHTML, like Gecko) Chrome/87.0.4280.88 Safari/537.36"
::1 - - [07/Dec/2020:12:47:56 +0000] "GET /api/getAllData HTTP/1.1" 200 352 "-" "PostmanRuntime/7.26.8"
::1 - - [07/Dec/2020:12:48:18 +0000] "POST /api/addNewData HTTP/1.1" 200 48 "-" "PostmanRuntime/7.26.8"
::1 - - [07/Dec/2020:12:48:44 +0000] "GET /api/getAllData HTTP/1.1" 200 352 "-" "PostmanRuntime/7.26.8"
::1 - - [07/Dec/2020:12:49:02 +0000] "POST /api/addNewData HTTP/1.1" 200 48 "-" "PostmanRuntime/7.26.8"
::1 - - [07/Dec/2020:12:49:05 +0000] "GET /api/getAllData HTTP/1.1" 200 352 "-" "PostmanRuntime/7.26.8"
::1 - - [07/Dec/2020:12:49:17 +0000] "GET /api/getAllData HTTP/1.1" 200 352 "-" "PostmanRuntime/7.26.8"
::1 - - [07/Dec/2020:12:49:58 +0000] "GET /api/getAllData HTTP/1.1" 200 352 "-" "PostmanRuntime/7.26.8"
::1 - - [07/Dec/2020:12:49:59 +0000] "GET /api/getAllData HTTP/1.1" 200 352 "-" "PostmanRuntime/7.26.8"
::1 - - [07/Dec/2020:12:50:09 +0000] "GET /api/getAllData HTTP/1.1" 200 352 "-" "PostmanRuntime/7.26.8"
::1 - - [07/Dec/2020:12:50:11 +0000] "GET /api/getAllData HTTP/1.1" 200 352 "-" "PostmanRuntime/7.26.8"
::1 - - [07/Dec/2020:12:51:36 +0000] "GET /api/getAllData HTTP/1.1" 200 352 "-" "PostmanRuntime/7.26.8"
::1 - - [07/Dec/2020:12:53:31 +0000] "GET /api/getAllData HTTP/1.1" 200 620 "-" "PostmanRuntime/7.26.8"
::1 - - [07/Dec/2020:12:53:48 +0000] "GET /api/getAllData HTTP/1.1" 200 620 "-" "PostmanRuntime/7.26.8"
::1 - - [07/Dec/2020:12:54:52 +0000] "GET /api/getAllData HTTP/1.1" 200 352 "-" "PostmanRuntime/7.26.8"
::1 - - [07/Dec/2020:12:55:23 +0000] "GET /api/getAllData HTTP/1.1" 200 620 "-" "PostmanRuntime/7.26.8"
::1 - - [07/Dec/2020:13:21:31 +0000] "GET /api/getAllData HTTP/1.1" 200 620 "-" "Mozilla/5.0 (Windows NT 10.0; Win64; x64) AppleWebKit/537.36 (KHTML, like Gecko) Chrome/87.0.4280.88 Safari/537.36"
::1 - - [07/Dec/2020:13:21:32 +0000] "GET /api/getAllData HTTP/1.1" 304 - "-" "Mozilla/5.0 (Windows NT 10.0; Win64; x64) AppleWebKit/537.36 (KHTML, like Gecko) Chrome/87.0.4280.88 Safari/537.36"
::1 - - [07/Dec/2020:13:21:32 +0000] "GET /api/getAllData HTTP/1.1" 304 - "-" "Mozilla/5.0 (Windows NT 10.0; Win64; x64) AppleWebKit/537.36 (KHTML, like Gecko) Chrome/87.0.4280.88 Safari/537.36"
::1 - - [07/Dec/2020:13:21:33 +0000] "GET /api/getAllData HTTP/1.1" 304 - "-" "Mozilla/5.0 (Windows NT 10.0; Win64; x64) AppleWebKit/537.36 (KHTML, like Gecko) Chrome/87.0.4280.88 Safari/537.36"
::1 - - [07/Dec/2020:13:21:35 +0000] "GET /api/getAllData HTTP/1.1" 304 - "-" "Mozilla/5.0 (Windows NT 10.0; Win64; x64) AppleWebKit/537.36 (KHTML, like Gecko) Chrome/87.0.4280.88 Safari/537.36"
::1 - - [07/Dec/2020:13:21:35 +0000] "GET /api/getAllData HTTP/1.1" 304 - "-" "Mozilla/5.0 (Windows NT 10.0; Win64; x64) AppleWebKit/537.36 (KHTML, like Gecko) Chrome/87.0.4280.88 Safari/537.36"
::1 - - [07/Dec/2020:13:21:35 +0000] "GET /api/getAllData HTTP/1.1" 304 - "-" "Mozilla/5.0 (Windows NT 10.0; Win64; x64) AppleWebKit/537.36 (KHTML, like Gecko) Chrome/87.0.4280.88 Safari/537.36"
::1 - - [07/Dec/2020:13:21:47 +0000] "POST /api/addNewData HTTP/1.1" 200 48 "-" "PostmanRuntime/7.26.8"
::1 - - [07/Dec/2020:13:37:05 +0000] "GET /api/getAllData HTTP/1.1" 200 687 "-" "Mozilla/5.0 (Windows NT 10.0; Win64; x64) AppleWebKit/537.36 (KHTML, like Gecko) Chrome/87.0.4280.88 Safari/537.36"
::1 - - [07/Dec/2020:13:37:11 +0000] "GET / HTTP/1.1" 404 139 "-" "Mozilla/5.0 (Windows NT 10.0; Win64; x64) AppleWebKit/537.36 (KHTML, like Gecko) Chrome/87.0.4280.88 Safari/537.36"
::1 - - [07/Dec/2020:13:37:39 +0000] "GET /api-docs HTTP/1.1" 301 183 "-" "Mozilla/5.0 (Windows NT 10.0; Win64; x64) AppleWebKit/537.36 (KHTML, like Gecko) Chrome/87.0.4280.88 Safari/537.36"
::1 - - [07/Dec/2020:13:37:39 +0000] "GET /api-docs/ HTTP/1.1" 200 3104 "-" "Mozilla/5.0 (Windows NT 10.0; Win64; x64) AppleWebKit/537.36 (KHTML, like Gecko) Chrome/87.0.4280.88 Safari/537.36"
::1 - - [07/Dec/2020:13:37:39 +0000] "GET /api-docs/swagger-ui-init.js HTTP/1.1" 200 1644 "http://localhost:3000/api-docs/" "Mozilla/5.0 (Windows NT 10.0; Win64; x64) AppleWebKit/537.36 (KHTML, like Gecko) Chrome/87.0.4280.88 Safari/537.36"
::1 - - [07/Dec/2020:13:37:39 +0000] "GET /api-docs/swagger-ui.css HTTP/1.1" 200 143074 "http://localhost:3000/api-docs/" "Mozilla/5.0 (Windows NT 10.0; Win64; x64) AppleWebKit/537.36 (KHTML, like Gecko) Chrome/87.0.4280.88 Safari/537.36"
::1 - - [07/Dec/2020:13:37:39 +0000] "GET /api-docs/swagger-ui-standalone-preset.js HTTP/1.1" 200 329478 "http://localhost:3000/api-docs/" "Mozilla/5.0 (Windows NT 10.0; Win64; x64) AppleWebKit/537.36 (KHTML, like Gecko) Chrome/87.0.4280.88 Safari/537.36"
::1 - - [07/Dec/2020:13:37:39 +0000] "GET /api-docs/swagger-ui-bundle.js HTTP/1.1" 200 1039450 "http://localhost:3000/api-docs/" "Mozilla/5.0 (Windows NT 10.0; Win64; x64) AppleWebKit/537.36 (KHTML, like Gecko) Chrome/87.0.4280.88 Safari/537.36"
::1 - - [07/Dec/2020:13:37:39 +0000] "GET /api-docs/favicon-32x32.png HTTP/1.1" 200 628 "http://localhost:3000/api-docs/" "Mozilla/5.0 (Windows NT 10.0; Win64; x64) AppleWebKit/537.36 (KHTML, like Gecko) Chrome/87.0.4280.88 Safari/537.36"
::1 - - [07/Dec/2020:13:37:52 +0000] "GET /api-docs/ HTTP/1.1" 304 - "-" "Mozilla/5.0 (Windows NT 10.0; Win64; x64) AppleWebKit/537.36 (KHTML, like Gecko) Chrome/87.0.4280.88 Safari/537.36"
::1 - - [07/Dec/2020:13:37:52 +0000] "GET /api-docs/swagger-ui.css HTTP/1.1" 304 - "http://localhost:3000/api-docs/" "Mozilla/5.0 (Windows NT 10.0; Win64; x64) AppleWebKit/537.36 (KHTML, like Gecko) Chrome/87.0.4280.88 Safari/537.36"
::1 - - [07/Dec/2020:13:37:52 +0000] "GET /api-docs/swagger-ui-bundle.js HTTP/1.1" 304 - "http://localhost:3000/api-docs/" "Mozilla/5.0 (Windows NT 10.0; Win64; x64) AppleWebKit/537.36 (KHTML, like Gecko) Chrome/87.0.4280.88 Safari/537.36"
::1 - - [07/Dec/2020:13:37:52 +0000] "GET /api-docs/swagger-ui-init.js HTTP/1.1" 304 - "http://localhost:3000/api-docs/" "Mozilla/5.0 (Windows NT 10.0; Win64; x64) AppleWebKit/537.36 (KHTML, like Gecko) Chrome/87.0.4280.88 Safari/537.36"
::1 - - [07/Dec/2020:13:37:52 +0000] "GET /api-docs/swagger-ui-standalone-preset.js HTTP/1.1" 304 - "http://localhost:3000/api-docs/" "Mozilla/5.0 (Windows NT 10.0; Win64; x64) AppleWebKit/537.36 (KHTML, like Gecko) Chrome/87.0.4280.88 Safari/537.36"
::1 - - [07/Dec/2020:13:37:52 +0000] "GET /api-docs/favicon-32x32.png HTTP/1.1" 200 628 "http://localhost:3000/api-docs/" "Mozilla/5.0 (Windows NT 10.0; Win64; x64) AppleWebKit/537.36 (KHTML, like Gecko) Chrome/87.0.4280.88 Safari/537.36"
::1 - - [07/Dec/2020:13:40:23 +0000] "GET /api-docs/ HTTP/1.1" 304 - "-" "Mozilla/5.0 (Windows NT 10.0; Win64; x64) AppleWebKit/537.36 (KHTML, like Gecko) Chrome/87.0.4280.88 Safari/537.36"
::1 - - [07/Dec/2020:13:40:23 +0000] "GET /api-docs/swagger-ui.css HTTP/1.1" 304 - "http://localhost:3000/api-docs/" "Mozilla/5.0 (Windows NT 10.0; Win64; x64) AppleWebKit/537.36 (KHTML, like Gecko) Chrome/87.0.4280.88 Safari/537.36"
::1 - - [07/Dec/2020:13:40:23 +0000] "GET /api-docs/swagger-ui-bundle.js HTTP/1.1" 304 - "http://localhost:3000/api-docs/" "Mozilla/5.0 (Windows NT 10.0; Win64; x64) AppleWebKit/537.36 (KHTML, like Gecko) Chrome/87.0.4280.88 Safari/537.36"
::1 - - [07/Dec/2020:13:40:23 +0000] "GET /api-docs/swagger-ui-standalone-preset.js HTTP/1.1" 304 - "http://localhost:3000/api-docs/" "Mozilla/5.0 (Windows NT 10.0; Win64; x64) AppleWebKit/537.36 (KHTML, like Gecko) Chrome/87.0.4280.88 Safari/537.36"
::1 - - [07/Dec/2020:13:40:23 +0000] "GET /api-docs/swagger-ui-init.js HTTP/1.1" 304 - "http://localhost:3000/api-docs/" "Mozilla/5.0 (Windows NT 10.0; Win64; x64) AppleWebKit/537.36 (KHTML, like Gecko) Chrome/87.0.4280.88 Safari/537.36"
::1 - - [07/Dec/2020:13:40:24 +0000] "GET /api-docs/favicon-32x32.png HTTP/1.1" 200 628 "http://localhost:3000/api-docs/" "Mozilla/5.0 (Windows NT 10.0; Win64; x64) AppleWebKit/537.36 (KHTML, like Gecko) Chrome/87.0.4280.88 Safari/537.36"
::1 - - [07/Dec/2020:13:42:09 +0000] "GET /api-docs/ HTTP/1.1" 304 - "-" "Mozilla/5.0 (Windows NT 10.0; Win64; x64) AppleWebKit/537.36 (KHTML, like Gecko) Chrome/87.0.4280.88 Safari/537.36"
::1 - - [07/Dec/2020:13:42:09 +0000] "GET /api-docs/swagger-ui.css HTTP/1.1" 304 - "http://localhost:3000/api-docs/" "Mozilla/5.0 (Windows NT 10.0; Win64; x64) AppleWebKit/537.36 (KHTML, like Gecko) Chrome/87.0.4280.88 Safari/537.36"
::1 - - [07/Dec/2020:13:42:09 +0000] "GET /api-docs/swagger-ui-bundle.js HTTP/1.1" 304 - "http://localhost:3000/api-docs/" "Mozilla/5.0 (Windows NT 10.0; Win64; x64) AppleWebKit/537.36 (KHTML, like Gecko) Chrome/87.0.4280.88 Safari/537.36"
::1 - - [07/Dec/2020:13:42:09 +0000] "GET /api-docs/swagger-ui-standalone-preset.js HTTP/1.1" 304 - "http://localhost:3000/api-docs/" "Mozilla/5.0 (Windows NT 10.0; Win64; x64) AppleWebKit/537.36 (KHTML, like Gecko) Chrome/87.0.4280.88 Safari/537.36"
::1 - - [07/Dec/2020:13:42:09 +0000] "GET /api-docs/swagger-ui-init.js HTTP/1.1" 200 1644 "http://localhost:3000/api-docs/" "Mozilla/5.0 (Windows NT 10.0; Win64; x64) AppleWebKit/537.36 (KHTML, like Gecko) Chrome/87.0.4280.88 Safari/537.36"
::1 - - [07/Dec/2020:13:42:09 +0000] "GET /api-docs/favicon-32x32.png HTTP/1.1" 200 628 "http://localhost:3000/api-docs/" "Mozilla/5.0 (Windows NT 10.0; Win64; x64) AppleWebKit/537.36 (KHTML, like Gecko) Chrome/87.0.4280.88 Safari/537.36"
::1 - - [07/Dec/2020:13:42:11 +0000] "GET /api-docs/ HTTP/1.1" 304 - "-" "Mozilla/5.0 (Windows NT 10.0; Win64; x64) AppleWebKit/537.36 (KHTML, like Gecko) Chrome/87.0.4280.88 Safari/537.36"
::1 - - [07/Dec/2020:13:42:11 +0000] "GET /api-docs/swagger-ui.css HTTP/1.1" 304 - "http://localhost:3000/api-docs/" "Mozilla/5.0 (Windows NT 10.0; Win64; x64) AppleWebKit/537.36 (KHTML, like Gecko) Chrome/87.0.4280.88 Safari/537.36"
::1 - - [07/Dec/2020:13:42:11 +0000] "GET /api-docs/swagger-ui-bundle.js HTTP/1.1" 304 - "http://localhost:3000/api-docs/" "Mozilla/5.0 (Windows NT 10.0; Win64; x64) AppleWebKit/537.36 (KHTML, like Gecko) Chrome/87.0.4280.88 Safari/537.36"
::1 - - [07/Dec/2020:13:42:11 +0000] "GET /api-docs/swagger-ui-init.js HTTP/1.1" 304 - "http://localhost:3000/api-docs/" "Mozilla/5.0 (Windows NT 10.0; Win64; x64) AppleWebKit/537.36 (KHTML, like Gecko) Chrome/87.0.4280.88 Safari/537.36"
::1 - - [07/Dec/2020:13:42:11 +0000] "GET /api-docs/swagger-ui-standalone-preset.js HTTP/1.1" 304 - "http://localhost:3000/api-docs/" "Mozilla/5.0 (Windows NT 10.0; Win64; x64) AppleWebKit/537.36 (KHTML, like Gecko) Chrome/87.0.4280.88 Safari/537.36"
::1 - - [07/Dec/2020:13:42:11 +0000] "GET /api-docs/favicon-32x32.png HTTP/1.1" 200 628 "http://localhost:3000/api-docs/" "Mozilla/5.0 (Windows NT 10.0; Win64; x64) AppleWebKit/537.36 (KHTML, like Gecko) Chrome/87.0.4280.88 Safari/537.36"
::1 - - [07/Dec/2020:13:42:15 +0000] "GET /api-docs/ HTTP/1.1" 304 - "-" "Mozilla/5.0 (Windows NT 10.0; Win64; x64) AppleWebKit/537.36 (KHTML, like Gecko) Chrome/87.0.4280.88 Safari/537.36"
::1 - - [07/Dec/2020:13:42:15 +0000] "GET /api-docs/swagger-ui.css HTTP/1.1" 304 - "http://localhost:3000/api-docs/" "Mozilla/5.0 (Windows NT 10.0; Win64; x64) AppleWebKit/537.36 (KHTML, like Gecko) Chrome/87.0.4280.88 Safari/537.36"
::1 - - [07/Dec/2020:13:42:15 +0000] "GET /api-docs/swagger-ui-bundle.js HTTP/1.1" 304 - "http://localhost:3000/api-docs/" "Mozilla/5.0 (Windows NT 10.0; Win64; x64) AppleWebKit/537.36 (KHTML, like Gecko) Chrome/87.0.4280.88 Safari/537.36"
::1 - - [07/Dec/2020:13:42:15 +0000] "GET /api-docs/swagger-ui-init.js HTTP/1.1" 304 - "http://localhost:3000/api-docs/" "Mozilla/5.0 (Windows NT 10.0; Win64; x64) AppleWebKit/537.36 (KHTML, like Gecko) Chrome/87.0.4280.88 Safari/537.36"
::1 - - [07/Dec/2020:13:42:15 +0000] "GET /api-docs/swagger-ui-standalone-preset.js HTTP/1.1" 304 - "http://localhost:3000/api-docs/" "Mozilla/5.0 (Windows NT 10.0; Win64; x64) AppleWebKit/537.36 (KHTML, like Gecko) Chrome/87.0.4280.88 Safari/537.36"
::1 - - [07/Dec/2020:13:42:15 +0000] "GET /api-docs/favicon-32x32.png HTTP/1.1" 200 628 "http://localhost:3000/api-docs/" "Mozilla/5.0 (Windows NT 10.0; Win64; x64) AppleWebKit/537.36 (KHTML, like Gecko) Chrome/87.0.4280.88 Safari/537.36"
::1 - - [07/Dec/2020:13:43:33 +0000] "GET /api-docs/ HTTP/1.1" 304 - "-" "Mozilla/5.0 (Windows NT 10.0; Win64; x64) AppleWebKit/537.36 (KHTML, like Gecko) Chrome/87.0.4280.88 Safari/537.36"
::1 - - [07/Dec/2020:13:43:33 +0000] "GET /api-docs/swagger-ui.css HTTP/1.1" 304 - "http://localhost:3000/api-docs/" "Mozilla/5.0 (Windows NT 10.0; Win64; x64) AppleWebKit/537.36 (KHTML, like Gecko) Chrome/87.0.4280.88 Safari/537.36"
::1 - - [07/Dec/2020:13:43:33 +0000] "GET /api-docs/swagger-ui-init.js HTTP/1.1" 200 2976 "http://localhost:3000/api-docs/" "Mozilla/5.0 (Windows NT 10.0; Win64; x64) AppleWebKit/537.36 (KHTML, like Gecko) Chrome/87.0.4280.88 Safari/537.36"
::1 - - [07/Dec/2020:13:43:33 +0000] "GET /api-docs/swagger-ui-bundle.js HTTP/1.1" 304 - "http://localhost:3000/api-docs/" "Mozilla/5.0 (Windows NT 10.0; Win64; x64) AppleWebKit/537.36 (KHTML, like Gecko) Chrome/87.0.4280.88 Safari/537.36"
::1 - - [07/Dec/2020:13:43:33 +0000] "GET /api-docs/swagger-ui-standalone-preset.js HTTP/1.1" 304 - "http://localhost:3000/api-docs/" "Mozilla/5.0 (Windows NT 10.0; Win64; x64) AppleWebKit/537.36 (KHTML, like Gecko) Chrome/87.0.4280.88 Safari/537.36"
::1 - - [07/Dec/2020:13:43:33 +0000] "GET /api-docs/favicon-32x32.png HTTP/1.1" 200 628 "http://localhost:3000/api-docs/" "Mozilla/5.0 (Windows NT 10.0; Win64; x64) AppleWebKit/537.36 (KHTML, like Gecko) Chrome/87.0.4280.88 Safari/537.36"
::1 - - [07/Dec/2020:13:44:30 +0000] "GET /api-docs/ HTTP/1.1" 304 - "-" "Mozilla/5.0 (Windows NT 10.0; Win64; x64) AppleWebKit/537.36 (KHTML, like Gecko) Chrome/87.0.4280.88 Safari/537.36"
::1 - - [07/Dec/2020:13:44:30 +0000] "GET /api-docs/swagger-ui.css HTTP/1.1" 304 - "http://localhost:3000/api-docs/" "Mozilla/5.0 (Windows NT 10.0; Win64; x64) AppleWebKit/537.36 (KHTML, like Gecko) Chrome/87.0.4280.88 Safari/537.36"
::1 - - [07/Dec/2020:13:44:30 +0000] "GET /api-docs/swagger-ui-bundle.js HTTP/1.1" 304 - "http://localhost:3000/api-docs/" "Mozilla/5.0 (Windows NT 10.0; Win64; x64) AppleWebKit/537.36 (KHTML, like Gecko) Chrome/87.0.4280.88 Safari/537.36"
::1 - - [07/Dec/2020:13:44:30 +0000] "GET /api-docs/swagger-ui-init.js HTTP/1.1" 200 2985 "http://localhost:3000/api-docs/" "Mozilla/5.0 (Windows NT 10.0; Win64; x64) AppleWebKit/537.36 (KHTML, like Gecko) Chrome/87.0.4280.88 Safari/537.36"
::1 - - [07/Dec/2020:13:44:30 +0000] "GET /api-docs/swagger-ui-standalone-preset.js HTTP/1.1" 304 - "http://localhost:3000/api-docs/" "Mozilla/5.0 (Windows NT 10.0; Win64; x64) AppleWebKit/537.36 (KHTML, like Gecko) Chrome/87.0.4280.88 Safari/537.36"
::1 - - [07/Dec/2020:13:44:30 +0000] "GET /api-docs/favicon-32x32.png HTTP/1.1" 304 - "http://localhost:3000/api-docs/" "Mozilla/5.0 (Windows NT 10.0; Win64; x64) AppleWebKit/537.36 (KHTML, like Gecko) Chrome/87.0.4280.88 Safari/537.36"
::1 - - [07/Dec/2020:13:44:39 +0000] "GET /api/getAllData HTTP/1.1" 304 - "http://localhost:3000/api-docs/" "Mozilla/5.0 (Windows NT 10.0; Win64; x64) AppleWebKit/537.36 (KHTML, like Gecko) Chrome/87.0.4280.88 Safari/537.36"
::1 - - [07/Dec/2020:13:45:04 +0000] "GET /api/getAllData HTTP/1.1" 304 - "http://localhost:3000/api-docs/" "Mozilla/5.0 (Windows NT 10.0; Win64; x64) AppleWebKit/537.36 (KHTML, like Gecko) Chrome/87.0.4280.88 Safari/537.36"
::1 - - [07/Dec/2020:13:46:31 +0000] "GET /api-docs/ HTTP/1.1" 304 - "-" "Mozilla/5.0 (Windows NT 10.0; Win64; x64) AppleWebKit/537.36 (KHTML, like Gecko) Chrome/87.0.4280.88 Safari/537.36"
::1 - - [07/Dec/2020:13:46:31 +0000] "GET /api-docs/swagger-ui.css HTTP/1.1" 304 - "http://localhost:3000/api-docs/" "Mozilla/5.0 (Windows NT 10.0; Win64; x64) AppleWebKit/537.36 (KHTML, like Gecko) Chrome/87.0.4280.88 Safari/537.36"
::1 - - [07/Dec/2020:13:46:31 +0000] "GET /api-docs/swagger-ui-bundle.js HTTP/1.1" 304 - "http://localhost:3000/api-docs/" "Mozilla/5.0 (Windows NT 10.0; Win64; x64) AppleWebKit/537.36 (KHTML, like Gecko) Chrome/87.0.4280.88 Safari/537.36"
::1 - - [07/Dec/2020:13:46:31 +0000] "GET /api-docs/swagger-ui-init.js HTTP/1.1" 200 2023 "http://localhost:3000/api-docs/" "Mozilla/5.0 (Windows NT 10.0; Win64; x64) AppleWebKit/537.36 (KHTML, like Gecko) Chrome/87.0.4280.88 Safari/537.36"
::1 - - [07/Dec/2020:13:46:31 +0000] "GET /api-docs/swagger-ui-standalone-preset.js HTTP/1.1" 304 - "http://localhost:3000/api-docs/" "Mozilla/5.0 (Windows NT 10.0; Win64; x64) AppleWebKit/537.36 (KHTML, like Gecko) Chrome/87.0.4280.88 Safari/537.36"
::1 - - [07/Dec/2020:13:46:32 +0000] "GET /api-docs/favicon-32x32.png HTTP/1.1" 304 - "http://localhost:3000/api-docs/" "Mozilla/5.0 (Windows NT 10.0; Win64; x64) AppleWebKit/537.36 (KHTML, like Gecko) Chrome/87.0.4280.88 Safari/537.36"
::1 - - [07/Dec/2020:13:47:36 +0000] "GET /api-docs/ HTTP/1.1" 304 - "-" "Mozilla/5.0 (Windows NT 10.0; Win64; x64) AppleWebKit/537.36 (KHTML, like Gecko) Chrome/87.0.4280.88 Safari/537.36"
::1 - - [07/Dec/2020:13:47:36 +0000] "GET /api-docs/swagger-ui.css HTTP/1.1" 304 - "http://localhost:3000/api-docs/" "Mozilla/5.0 (Windows NT 10.0; Win64; x64) AppleWebKit/537.36 (KHTML, like Gecko) Chrome/87.0.4280.88 Safari/537.36"
::1 - - [07/Dec/2020:13:47:36 +0000] "GET /api-docs/swagger-ui-bundle.js HTTP/1.1" 304 - "http://localhost:3000/api-docs/" "Mozilla/5.0 (Windows NT 10.0; Win64; x64) AppleWebKit/537.36 (KHTML, like Gecko) Chrome/87.0.4280.88 Safari/537.36"
::1 - - [07/Dec/2020:13:47:36 +0000] "GET /api-docs/swagger-ui-init.js HTTP/1.1" 200 1934 "http://localhost:3000/api-docs/" "Mozilla/5.0 (Windows NT 10.0; Win64; x64) AppleWebKit/537.36 (KHTML, like Gecko) Chrome/87.0.4280.88 Safari/537.36"
::1 - - [07/Dec/2020:13:47:36 +0000] "GET /api-docs/swagger-ui-standalone-preset.js HTTP/1.1" 304 - "http://localhost:3000/api-docs/" "Mozilla/5.0 (Windows NT 10.0; Win64; x64) AppleWebKit/537.36 (KHTML, like Gecko) Chrome/87.0.4280.88 Safari/537.36"
::1 - - [07/Dec/2020:13:47:37 +0000] "GET /api-docs/favicon-32x32.png HTTP/1.1" 304 - "http://localhost:3000/api-docs/" "Mozilla/5.0 (Windows NT 10.0; Win64; x64) AppleWebKit/537.36 (KHTML, like Gecko) Chrome/87.0.4280.88 Safari/537.36"
::1 - - [07/Dec/2020:13:47:51 +0000] "GET /api/getAllData HTTP/1.1" 304 - "http://localhost:3000/api-docs/" "Mozilla/5.0 (Windows NT 10.0; Win64; x64) AppleWebKit/537.36 (KHTML, like Gecko) Chrome/87.0.4280.88 Safari/537.36"
::1 - - [07/Dec/2020:13:48:01 +0000] "GET /api-docs/ HTTP/1.1" 304 - "-" "Mozilla/5.0 (Windows NT 10.0; Win64; x64) AppleWebKit/537.36 (KHTML, like Gecko) Chrome/87.0.4280.88 Safari/537.36"
::1 - - [07/Dec/2020:13:48:01 +0000] "GET /api-docs/swagger-ui.css HTTP/1.1" 304 - "http://localhost:3000/api-docs/" "Mozilla/5.0 (Windows NT 10.0; Win64; x64) AppleWebKit/537.36 (KHTML, like Gecko) Chrome/87.0.4280.88 Safari/537.36"
::1 - - [07/Dec/2020:13:48:01 +0000] "GET /api-docs/swagger-ui-bundle.js HTTP/1.1" 304 - "http://localhost:3000/api-docs/" "Mozilla/5.0 (Windows NT 10.0; Win64; x64) AppleWebKit/537.36 (KHTML, like Gecko) Chrome/87.0.4280.88 Safari/537.36"
::1 - - [07/Dec/2020:13:48:01 +0000] "GET /api-docs/swagger-ui-init.js HTTP/1.1" 304 - "http://localhost:3000/api-docs/" "Mozilla/5.0 (Windows NT 10.0; Win64; x64) AppleWebKit/537.36 (KHTML, like Gecko) Chrome/87.0.4280.88 Safari/537.36"
::1 - - [07/Dec/2020:13:48:01 +0000] "GET /api-docs/swagger-ui-standalone-preset.js HTTP/1.1" 304 - "http://localhost:3000/api-docs/" "Mozilla/5.0 (Windows NT 10.0; Win64; x64) AppleWebKit/537.36 (KHTML, like Gecko) Chrome/87.0.4280.88 Safari/537.36"
::1 - - [07/Dec/2020:13:48:01 +0000] "GET /api-docs/favicon-32x32.png HTTP/1.1" 200 628 "http://localhost:3000/api-docs/" "Mozilla/5.0 (Windows NT 10.0; Win64; x64) AppleWebKit/537.36 (KHTML, like Gecko) Chrome/87.0.4280.88 Safari/537.36"
::1 - - [07/Dec/2020:13:48:04 +0000] "GET /api-docs/ HTTP/1.1" 304 - "-" "Mozilla/5.0 (Windows NT 10.0; Win64; x64) AppleWebKit/537.36 (KHTML, like Gecko) Chrome/87.0.4280.88 Safari/537.36"
::1 - - [07/Dec/2020:13:48:04 +0000] "GET /api-docs/swagger-ui.css HTTP/1.1" 304 - "http://localhost:3000/api-docs/" "Mozilla/5.0 (Windows NT 10.0; Win64; x64) AppleWebKit/537.36 (KHTML, like Gecko) Chrome/87.0.4280.88 Safari/537.36"
::1 - - [07/Dec/2020:13:48:04 +0000] "GET /api-docs/swagger-ui-bundle.js HTTP/1.1" 304 - "http://localhost:3000/api-docs/" "Mozilla/5.0 (Windows NT 10.0; Win64; x64) AppleWebKit/537.36 (KHTML, like Gecko) Chrome/87.0.4280.88 Safari/537.36"
::1 - - [07/Dec/2020:13:48:04 +0000] "GET /api-docs/swagger-ui-init.js HTTP/1.1" 304 - "http://localhost:3000/api-docs/" "Mozilla/5.0 (Windows NT 10.0; Win64; x64) AppleWebKit/537.36 (KHTML, like Gecko) Chrome/87.0.4280.88 Safari/537.36"
::1 - - [07/Dec/2020:13:48:04 +0000] "GET /api-docs/swagger-ui-standalone-preset.js HTTP/1.1" 304 - "http://localhost:3000/api-docs/" "Mozilla/5.0 (Windows NT 10.0; Win64; x64) AppleWebKit/537.36 (KHTML, like Gecko) Chrome/87.0.4280.88 Safari/537.36"
::1 - - [07/Dec/2020:13:48:04 +0000] "GET /api-docs/favicon-32x32.png HTTP/1.1" 200 628 "http://localhost:3000/api-docs/" "Mozilla/5.0 (Windows NT 10.0; Win64; x64) AppleWebKit/537.36 (KHTML, like Gecko) Chrome/87.0.4280.88 Safari/537.36"
::1 - - [07/Dec/2020:13:48:05 +0000] "GET /api-docs/ HTTP/1.1" 304 - "-" "Mozilla/5.0 (Windows NT 10.0; Win64; x64) AppleWebKit/537.36 (KHTML, like Gecko) Chrome/87.0.4280.88 Safari/537.36"
::1 - - [07/Dec/2020:13:48:05 +0000] "GET /api-docs/swagger-ui.css HTTP/1.1" 304 - "http://localhost:3000/api-docs/" "Mozilla/5.0 (Windows NT 10.0; Win64; x64) AppleWebKit/537.36 (KHTML, like Gecko) Chrome/87.0.4280.88 Safari/537.36"
::1 - - [07/Dec/2020:13:48:05 +0000] "GET /api-docs/swagger-ui-bundle.js HTTP/1.1" 304 - "http://localhost:3000/api-docs/" "Mozilla/5.0 (Windows NT 10.0; Win64; x64) AppleWebKit/537.36 (KHTML, like Gecko) Chrome/87.0.4280.88 Safari/537.36"
::1 - - [07/Dec/2020:13:48:05 +0000] "GET /api-docs/swagger-ui-standalone-preset.js HTTP/1.1" 304 - "http://localhost:3000/api-docs/" "Mozilla/5.0 (Windows NT 10.0; Win64; x64) AppleWebKit/537.36 (KHTML, like Gecko) Chrome/87.0.4280.88 Safari/537.36"
::1 - - [07/Dec/2020:13:48:05 +0000] "GET /api-docs/swagger-ui-init.js HTTP/1.1" 304 - "http://localhost:3000/api-docs/" "Mozilla/5.0 (Windows NT 10.0; Win64; x64) AppleWebKit/537.36 (KHTML, like Gecko) Chrome/87.0.4280.88 Safari/537.36"
::1 - - [07/Dec/2020:13:48:05 +0000] "GET /api-docs/favicon-32x32.png HTTP/1.1" 200 628 "http://localhost:3000/api-docs/" "Mozilla/5.0 (Windows NT 10.0; Win64; x64) AppleWebKit/537.36 (KHTML, like Gecko) Chrome/87.0.4280.88 Safari/537.36"
::1 - - [07/Dec/2020:13:48:05 +0000] "GET /api-docs/ HTTP/1.1" 304 - "-" "Mozilla/5.0 (Windows NT 10.0; Win64; x64) AppleWebKit/537.36 (KHTML, like Gecko) Chrome/87.0.4280.88 Safari/537.36"
::1 - - [07/Dec/2020:13:48:05 +0000] "GET /api-docs/swagger-ui.css HTTP/1.1" 304 - "http://localhost:3000/api-docs/" "Mozilla/5.0 (Windows NT 10.0; Win64; x64) AppleWebKit/537.36 (KHTML, like Gecko) Chrome/87.0.4280.88 Safari/537.36"
::1 - - [07/Dec/2020:13:48:05 +0000] "GET /api-docs/swagger-ui-bundle.js HTTP/1.1" 304 - "http://localhost:3000/api-docs/" "Mozilla/5.0 (Windows NT 10.0; Win64; x64) AppleWebKit/537.36 (KHTML, like Gecko) Chrome/87.0.4280.88 Safari/537.36"
::1 - - [07/Dec/2020:13:48:05 +0000] "GET /api-docs/swagger-ui-init.js HTTP/1.1" 304 - "http://localhost:3000/api-docs/" "Mozilla/5.0 (Windows NT 10.0; Win64; x64) AppleWebKit/537.36 (KHTML, like Gecko) Chrome/87.0.4280.88 Safari/537.36"
::1 - - [07/Dec/2020:13:48:05 +0000] "GET /api-docs/swagger-ui-standalone-preset.js HTTP/1.1" 304 - "http://localhost:3000/api-docs/" "Mozilla/5.0 (Windows NT 10.0; Win64; x64) AppleWebKit/537.36 (KHTML, like Gecko) Chrome/87.0.4280.88 Safari/537.36"
::1 - - [07/Dec/2020:13:48:05 +0000] "GET /api-docs/favicon-32x32.png HTTP/1.1" 200 628 "http://localhost:3000/api-docs/" "Mozilla/5.0 (Windows NT 10.0; Win64; x64) AppleWebKit/537.36 (KHTML, like Gecko) Chrome/87.0.4280.88 Safari/537.36"
::1 - - [07/Dec/2020:13:48:15 +0000] "GET /api/getAllData HTTP/1.1" 304 - "http://localhost:3000/api-docs/" "Mozilla/5.0 (Windows NT 10.0; Win64; x64) AppleWebKit/537.36 (KHTML, like Gecko) Chrome/87.0.4280.88 Safari/537.36"
::1 - - [07/Dec/2020:13:52:39 +0000] "GET /api-docs/ HTTP/1.1" 304 - "-" "Mozilla/5.0 (Windows NT 10.0; Win64; x64) AppleWebKit/537.36 (KHTML, like Gecko) Chrome/87.0.4280.88 Safari/537.36"
::1 - - [07/Dec/2020:13:52:39 +0000] "GET /api-docs/swagger-ui.css HTTP/1.1" 304 - "http://localhost:3000/api-docs/" "Mozilla/5.0 (Windows NT 10.0; Win64; x64) AppleWebKit/537.36 (KHTML, like Gecko) Chrome/87.0.4280.88 Safari/537.36"
::1 - - [07/Dec/2020:13:52:39 +0000] "GET /api-docs/swagger-ui-bundle.js HTTP/1.1" 304 - "http://localhost:3000/api-docs/" "Mozilla/5.0 (Windows NT 10.0; Win64; x64) AppleWebKit/537.36 (KHTML, like Gecko) Chrome/87.0.4280.88 Safari/537.36"
::1 - - [07/Dec/2020:13:52:39 +0000] "GET /api-docs/swagger-ui-init.js HTTP/1.1" 200 2211 "http://localhost:3000/api-docs/" "Mozilla/5.0 (Windows NT 10.0; Win64; x64) AppleWebKit/537.36 (KHTML, like Gecko) Chrome/87.0.4280.88 Safari/537.36"
::1 - - [07/Dec/2020:13:52:39 +0000] "GET /api-docs/swagger-ui-standalone-preset.js HTTP/1.1" 304 - "http://localhost:3000/api-docs/" "Mozilla/5.0 (Windows NT 10.0; Win64; x64) AppleWebKit/537.36 (KHTML, like Gecko) Chrome/87.0.4280.88 Safari/537.36"
::1 - - [07/Dec/2020:13:52:39 +0000] "GET /api-docs/favicon-32x32.png HTTP/1.1" 304 - "http://localhost:3000/api-docs/" "Mozilla/5.0 (Windows NT 10.0; Win64; x64) AppleWebKit/537.36 (KHTML, like Gecko) Chrome/87.0.4280.88 Safari/537.36"
::1 - - [07/Dec/2020:13:56:00 +0000] "GET /api-docs/ HTTP/1.1" 304 - "-" "Mozilla/5.0 (Windows NT 10.0; Win64; x64) AppleWebKit/537.36 (KHTML, like Gecko) Chrome/87.0.4280.88 Safari/537.36"
::1 - - [07/Dec/2020:13:56:00 +0000] "GET /api-docs/swagger-ui.css HTTP/1.1" 304 - "http://localhost:3000/api-docs/" "Mozilla/5.0 (Windows NT 10.0; Win64; x64) AppleWebKit/537.36 (KHTML, like Gecko) Chrome/87.0.4280.88 Safari/537.36"
::1 - - [07/Dec/2020:13:56:00 +0000] "GET /api-docs/swagger-ui-bundle.js HTTP/1.1" 304 - "http://localhost:3000/api-docs/" "Mozilla/5.0 (Windows NT 10.0; Win64; x64) AppleWebKit/537.36 (KHTML, like Gecko) Chrome/87.0.4280.88 Safari/537.36"
::1 - - [07/Dec/2020:13:56:00 +0000] "GET /api-docs/swagger-ui-init.js HTTP/1.1" 200 2395 "http://localhost:3000/api-docs/" "Mozilla/5.0 (Windows NT 10.0; Win64; x64) AppleWebKit/537.36 (KHTML, like Gecko) Chrome/87.0.4280.88 Safari/537.36"
::1 - - [07/Dec/2020:13:56:00 +0000] "GET /api-docs/swagger-ui-standalone-preset.js HTTP/1.1" 304 - "http://localhost:3000/api-docs/" "Mozilla/5.0 (Windows NT 10.0; Win64; x64) AppleWebKit/537.36 (KHTML, like Gecko) Chrome/87.0.4280.88 Safari/537.36"
::1 - - [07/Dec/2020:13:56:01 +0000] "GET /api-docs/favicon-32x32.png HTTP/1.1" 304 - "http://localhost:3000/api-docs/" "Mozilla/5.0 (Windows NT 10.0; Win64; x64) AppleWebKit/537.36 (KHTML, like Gecko) Chrome/87.0.4280.88 Safari/537.36"
::1 - - [07/Dec/2020:14:05:09 +0000] "GET /api-docs/ HTTP/1.1" 304 - "-" "Mozilla/5.0 (Windows NT 10.0; Win64; x64) AppleWebKit/537.36 (KHTML, like Gecko) Chrome/87.0.4280.88 Safari/537.36"
::1 - - [07/Dec/2020:14:05:09 +0000] "GET /api-docs/swagger-ui.css HTTP/1.1" 304 - "http://localhost:3000/api-docs/" "Mozilla/5.0 (Windows NT 10.0; Win64; x64) AppleWebKit/537.36 (KHTML, like Gecko) Chrome/87.0.4280.88 Safari/537.36"
::1 - - [07/Dec/2020:14:05:09 +0000] "GET /api-docs/swagger-ui-bundle.js HTTP/1.1" 304 - "http://localhost:3000/api-docs/" "Mozilla/5.0 (Windows NT 10.0; Win64; x64) AppleWebKit/537.36 (KHTML, like Gecko) Chrome/87.0.4280.88 Safari/537.36"
::1 - - [07/Dec/2020:14:05:09 +0000] "GET /api-docs/swagger-ui-init.js HTTP/1.1" 200 3555 "http://localhost:3000/api-docs/" "Mozilla/5.0 (Windows NT 10.0; Win64; x64) AppleWebKit/537.36 (KHTML, like Gecko) Chrome/87.0.4280.88 Safari/537.36"
::1 - - [07/Dec/2020:14:05:09 +0000] "GET /api-docs/swagger-ui-standalone-preset.js HTTP/1.1" 304 - "http://localhost:3000/api-docs/" "Mozilla/5.0 (Windows NT 10.0; Win64; x64) AppleWebKit/537.36 (KHTML, like Gecko) Chrome/87.0.4280.88 Safari/537.36"
::1 - - [07/Dec/2020:14:05:10 +0000] "GET /api-docs/favicon-32x32.png HTTP/1.1" 304 - "http://localhost:3000/api-docs/" "Mozilla/5.0 (Windows NT 10.0; Win64; x64) AppleWebKit/537.36 (KHTML, like Gecko) Chrome/87.0.4280.88 Safari/537.36"
::1 - - [07/Dec/2020:14:06:51 +0000] "POST /api/addNewData HTTP/1.1" 200 48 "http://localhost:3000/api-docs/" "Mozilla/5.0 (Windows NT 10.0; Win64; x64) AppleWebKit/537.36 (KHTML, like Gecko) Chrome/87.0.4280.88 Safari/537.36"
::1 - - [07/Dec/2020:14:10:51 +0000] "GET /api-docs/ HTTP/1.1" 304 - "-" "Mozilla/5.0 (Windows NT 10.0; Win64; x64) AppleWebKit/537.36 (KHTML, like Gecko) Chrome/87.0.4280.88 Safari/537.36"
::1 - - [07/Dec/2020:14:10:51 +0000] "GET /api-docs/swagger-ui.css HTTP/1.1" 304 - "http://localhost:3000/api-docs/" "Mozilla/5.0 (Windows NT 10.0; Win64; x64) AppleWebKit/537.36 (KHTML, like Gecko) Chrome/87.0.4280.88 Safari/537.36"
::1 - - [07/Dec/2020:14:10:51 +0000] "GET /api-docs/swagger-ui-bundle.js HTTP/1.1" 304 - "http://localhost:3000/api-docs/" "Mozilla/5.0 (Windows NT 10.0; Win64; x64) AppleWebKit/537.36 (KHTML, like Gecko) Chrome/87.0.4280.88 Safari/537.36"
::1 - - [07/Dec/2020:14:10:51 +0000] "GET /api-docs/swagger-ui-init.js HTTP/1.1" 200 3052 "http://localhost:3000/api-docs/" "Mozilla/5.0 (Windows NT 10.0; Win64; x64) AppleWebKit/537.36 (KHTML, like Gecko) Chrome/87.0.4280.88 Safari/537.36"
::1 - - [07/Dec/2020:14:10:51 +0000] "GET /api-docs/swagger-ui-standalone-preset.js HTTP/1.1" 304 - "http://localhost:3000/api-docs/" "Mozilla/5.0 (Windows NT 10.0; Win64; x64) AppleWebKit/537.36 (KHTML, like Gecko) Chrome/87.0.4280.88 Safari/537.36"
::1 - - [07/Dec/2020:14:10:51 +0000] "GET /api-docs/favicon-32x32.png HTTP/1.1" 304 - "http://localhost:3000/api-docs/" "Mozilla/5.0 (Windows NT 10.0; Win64; x64) AppleWebKit/537.36 (KHTML, like Gecko) Chrome/87.0.4280.88 Safari/537.36"
::1 - - [07/Dec/2020:14:11:09 +0000] "POST /api/addNewData HTTP/1.1" 200 48 "http://localhost:3000/api-docs/" "Mozilla/5.0 (Windows NT 10.0; Win64; x64) AppleWebKit/537.36 (KHTML, like Gecko) Chrome/87.0.4280.88 Safari/537.36"
::1 - - [07/Dec/2020:14:11:23 +0000] "GET /api/getAllData HTTP/1.1" 200 816 "http://localhost:3000/api-docs/" "Mozilla/5.0 (Windows NT 10.0; Win64; x64) AppleWebKit/537.36 (KHTML, like Gecko) Chrome/87.0.4280.88 Safari/537.36"
