::1 - - [05/Dec/2020:08:47:17 +0000] "GET / HTTP/1.1" 404 139 "-" "Mozilla/5.0 (Windows NT 10.0; Win64; x64) AppleWebKit/537.36 (KHTML, like Gecko) Chrome/87.0.4280.88 Safari/537.36"
::1 - - [05/Dec/2020:08:51:02 +0000] "GET / HTTP/1.1" 404 139 "-" "Mozilla/5.0 (Windows NT 10.0; Win64; x64) AppleWebKit/537.36 (KHTML, like Gecko) Chrome/87.0.4280.88 Safari/537.36"
::1 - - [05/Dec/2020:08:51:03 +0000] "GET / HTTP/1.1" 404 139 "-" "Mozilla/5.0 (Windows NT 10.0; Win64; x64) AppleWebKit/537.36 (KHTML, like Gecko) Chrome/87.0.4280.88 Safari/537.36"
::1 - - [05/Dec/2020:08:51:03 +0000] "GET / HTTP/1.1" 404 139 "-" "Mozilla/5.0 (Windows NT 10.0; Win64; x64) AppleWebKit/537.36 (KHTML, like Gecko) Chrome/87.0.4280.88 Safari/537.36"
::1 - - [05/Dec/2020:08:51:04 +0000] "GET / HTTP/1.1" 404 139 "-" "Mozilla/5.0 (Windows NT 10.0; Win64; x64) AppleWebKit/537.36 (KHTML, like Gecko) Chrome/87.0.4280.88 Safari/537.36"
::1 - - [05/Dec/2020:08:51:24 +0000] "GET /api/getAllData HTTP/1.1" 500 43 "-" "Mozilla/5.0 (Windows NT 10.0; Win64; x64) AppleWebKit/537.36 (KHTML, like Gecko) Chrome/87.0.4280.88 Safari/537.36"
::1 - - [05/Dec/2020:09:13:31 +0000] "GET /api/getAllData HTTP/1.1" 500 36 "-" "Mozilla/5.0 (Windows NT 10.0; Win64; x64) AppleWebKit/537.36 (KHTML, like Gecko) Chrome/87.0.4280.88 Safari/537.36"
::1 - - [05/Dec/2020:09:13:47 +0000] "GET /api/getAllData HTTP/1.1" 500 36 "-" "PostmanRuntime/7.26.8"
::1 - - [05/Dec/2020:09:20:38 +0000] "GET /api/getAllData HTTP/1.1" 200 2 "-" "PostmanRuntime/7.26.8"
::1 - - [05/Dec/2020:09:23:35 +0000] "POST /api/addNewData HTTP/1.1" 500 27 "-" "PostmanRuntime/7.26.8"
::1 - - [05/Dec/2020:09:26:04 +0000] "POST /api/addNewData HTTP/1.1" 200 48 "-" "PostmanRuntime/7.26.8"
::1 - - [05/Dec/2020:09:26:15 +0000] "GET /api/getAllData HTTP/1.1" 200 62 "-" "PostmanRuntime/7.26.8"
::1 - - [05/Dec/2020:09:27:01 +0000] "POST /api/addNewData HTTP/1.1" 200 48 "-" "PostmanRuntime/7.26.8"
::1 - - [05/Dec/2020:09:27:05 +0000] "GET /api/getAllData HTTP/1.1" 200 127 "-" "PostmanRuntime/7.26.8"
::1 - - [05/Dec/2020:09:29:46 +0000] "PUT /api/updateData HTTP/1.1" 200 48 "-" "PostmanRuntime/7.26.8"
::1 - - [05/Dec/2020:09:29:55 +0000] "GET /api/getAllData HTTP/1.1" 200 134 "-" "PostmanRuntime/7.26.8"
::1 - - [05/Dec/2020:09:30:00 +0000] "GET /api/getAllData HTTP/1.1" 200 134 "-" "PostmanRuntime/7.26.8"
::1 - - [05/Dec/2020:09:34:17 +0000] "PUT /api/updateData HTTP/1.1" 200 48 "-" "PostmanRuntime/7.26.8"
::1 - - [05/Dec/2020:09:34:26 +0000] "GET /api/getAllData HTTP/1.1" 200 142 "-" "PostmanRuntime/7.26.8"
::1 - - [05/Dec/2020:19:04:15 +0000] "GET /api/getAllData HTTP/1.1" 200 142 "-" "PostmanRuntime/7.26.8"
::1 - - [05/Dec/2020:19:06:44 +0000] "DELETE /api/deleteData HTTP/1.1" 200 48 "-" "PostmanRuntime/7.26.8"
::1 - - [05/Dec/2020:19:06:51 +0000] "GET /api/getAllData HTTP/1.1" 200 73 "-" "PostmanRuntime/7.26.8"
::1 - - [05/Dec/2020:19:19:14 +0000] "POST /api/addNewData HTTP/1.1" 200 48 "-" "PostmanRuntime/7.26.8"
::1 - - [05/Dec/2020:19:19:41 +0000] "POST /api/addNewData HTTP/1.1" 200 48 "-" "PostmanRuntime/7.26.8"
::1 - - [05/Dec/2020:19:19:42 +0000] "POST /api/addNewData HTTP/1.1" 200 48 "-" "PostmanRuntime/7.26.8"
::1 - - [05/Dec/2020:19:19:53 +0000] "POST /api/addNewData HTTP/1.1" 200 48 "-" "PostmanRuntime/7.26.8"
::1 - - [05/Dec/2020:19:19:58 +0000] "POST /api/addNewData HTTP/1.1" 200 48 "-" "PostmanRuntime/7.26.8"
::1 - - [05/Dec/2020:19:20:02 +0000] "POST /api/addNewData HTTP/1.1" 200 48 "-" "PostmanRuntime/7.26.8"
::1 - - [05/Dec/2020:19:20:09 +0000] "PUT /api/updateData HTTP/1.1" 200 48 "-" "PostmanRuntime/7.26.8"
::1 - - [05/Dec/2020:19:20:26 +0000] "PUT /api/updateData HTTP/1.1" 200 48 "-" "PostmanRuntime/7.26.8"
::1 - - [05/Dec/2020:19:21:39 +0000] "GET /api/getAllData HTTP/1.1" 200 352 "-" "PostmanRuntime/7.26.8"
::1 - - [07/Dec/2020:12:45:49 +0000] "GET /test/1 HTTP/1.1" 404 145 "-" "Mozilla/5.0 (Windows NT 10.0; Win64; x64) AppleWebKit/537.36 (KHTML, like Gecko) Chrome/87.0.4280.88 Safari/537.36"
::1 - - [07/Dec/2020:12:45:53 +0000] "GET / HTTP/1.1" 404 139 "-" "Mozilla/5.0 (Windows NT 10.0; Win64; x64) AppleWebKit/537.36 (KHTML, like Gecko) Chrome/87.0.4280.88 Safari/537.36"
::1 - - [07/Dec/2020:12:46:24 +0000] "GET /getAllData HTTP/1.1" 404 149 "-" "Mozilla/5.0 (Windows NT 10.0; Win64; x64) AppleWebKit/537.36 (KHTML, like Gecko) Chrome/87.0.4280.88 Safari/537.36"
::1 - - [07/Dec/2020:12:46:47 +0000] "GET /api/getAllData' HTTP/1.1" 404 158 "-" "Mozilla/5.0 (Windows NT 10.0; Win64; x64) AppleWebKit/537.36 (KHTML, like Gecko) Chrome/87.0.4280.88 Safari/537.36"
::1 - - [07/Dec/2020:12:46:49 +0000] "GET /api/getAllData' HTTP/1.1" 404 158 "-" "Mozilla/5.0 (Windows NT 10.0; Win64; x64) AppleWebKit/537.36 (KHTML, like Gecko) Chrome/87.0.4280.88 Safari/537.36"
::1 - - [07/Dec/2020:12:46:55 +0000] "GET /api/getAllData HTTP/1.1" 200 352 "-" "Mozilla/5.0 (Windows NT 10.0; Win64; x64) AppleWebKit/537.36 (KHTML, like Gecko) Chrome/87.0.4280.88 Safari/537.36"
::1 - - [07/Dec/2020:12:46:55 +0000] "GET /favicon.ico HTTP/1.1" 404 150 "http://localhost:3000/api/getAllData" "Mozilla/5.0 (Windows NT 10.0; Win64; x64) AppleWebKit/537.36 (KHTML, like Gecko) Chrome/87.0.4280.88 Safari/537.36"
::1 - - [07/Dec/2020:12:47:56 +0000] "GET /api/getAllData HTTP/1.1" 200 352 "-" "PostmanRuntime/7.26.8"
::1 - - [07/Dec/2020:12:48:18 +0000] "POST /api/addNewData HTTP/1.1" 200 48 "-" "PostmanRuntime/7.26.8"
::1 - - [07/Dec/2020:12:48:44 +0000] "GET /api/getAllData HTTP/1.1" 200 352 "-" "PostmanRuntime/7.26.8"
::1 - - [07/Dec/2020:12:49:02 +0000] "POST /api/addNewData HTTP/1.1" 200 48 "-" "PostmanRuntime/7.26.8"
::1 - - [07/Dec/2020:12:49:05 +0000] "GET /api/getAllData HTTP/1.1" 200 352 "-" "PostmanRuntime/7.26.8"
::1 - - [07/Dec/2020:12:49:17 +0000] "GET /api/getAllData HTTP/1.1" 200 352 "-" "PostmanRuntime/7.26.8"
::1 - - [07/Dec/2020:12:49:58 +0000] "GET /api/getAllData HTTP/1.1" 200 352 "-" "PostmanRuntime/7.26.8"
::1 - - [07/Dec/2020:12:49:59 +0000] "GET /api/getAllData HTTP/1.1" 200 352 "-" "PostmanRuntime/7.26.8"
::1 - - [07/Dec/2020:12:50:09 +0000] "GET /api/getAllData HTTP/1.1" 200 352 "-" "PostmanRuntime/7.26.8"
::1 - - [07/Dec/2020:12:50:11 +0000] "GET /api/getAllData HTTP/1.1" 200 352 "-" "PostmanRuntime/7.26.8"
::1 - - [07/Dec/2020:12:51:36 +0000] "GET /api/getAllData HTTP/1.1" 200 352 "-" "PostmanRuntime/7.26.8"
::1 - - [07/Dec/2020:12:53:31 +0000] "GET /api/getAllData HTTP/1.1" 200 620 "-" "PostmanRuntime/7.26.8"
::1 - - [07/Dec/2020:12:53:48 +0000] "GET /api/getAllData HTTP/1.1" 200 620 "-" "PostmanRuntime/7.26.8"
::1 - - [07/Dec/2020:12:54:52 +0000] "GET /api/getAllData HTTP/1.1" 200 352 "-" "PostmanRuntime/7.26.8"
::1 - - [07/Dec/2020:12:55:23 +0000] "GET /api/getAllData HTTP/1.1" 200 620 "-" "PostmanRuntime/7.26.8"
::1 - - [07/Dec/2020:13:21:31 +0000] "GET /api/getAllData HTTP/1.1" 200 620 "-" "Mozilla/5.0 (Windows NT 10.0; Win64; x64) AppleWebKit/537.36 (KHTML, like Gecko) Chrome/87.0.4280.88 Safari/537.36"
::1 - - [07/Dec/2020:13:21:32 +0000] "GET /api/getAllData HTTP/1.1" 304 - "-" "Mozilla/5.0 (Windows NT 10.0; Win64; x64) AppleWebKit/537.36 (KHTML, like Gecko) Chrome/87.0.4280.88 Safari/537.36"
::1 - - [07/Dec/2020:13:21:32 +0000] "GET /api/getAllData HTTP/1.1" 304 - "-" "Mozilla/5.0 (Windows NT 10.0; Win64; x64) AppleWebKit/537.36 (KHTML, like Gecko) Chrome/87.0.4280.88 Safari/537.36"
::1 - - [07/Dec/2020:13:21:33 +0000] "GET /api/getAllData HTTP/1.1" 304 - "-" "Mozilla/5.0 (Windows NT 10.0; Win64; x64) AppleWebKit/537.36 (KHTML, like Gecko) Chrome/87.0.4280.88 Safari/537.36"
::1 - - [07/Dec/2020:13:21:35 +0000] "GET /api/getAllData HTTP/1.1" 304 - "-" "Mozilla/5.0 (Windows NT 10.0; Win64; x64) AppleWebKit/537.36 (KHTML, like Gecko) Chrome/87.0.4280.88 Safari/537.36"
::1 - - [07/Dec/2020:13:21:35 +0000] "GET /api/getAllData HTTP/1.1" 304 - "-" "Mozilla/5.0 (Windows NT 10.0; Win64; x64) AppleWebKit/537.36 (KHTML, like Gecko) Chrome/87.0.4280.88 Safari/537.36"
::1 - - [07/Dec/2020:13:21:35 +0000] "GET /api/getAllData HTTP/1.1" 304 - "-" "Mozilla/5.0 (Windows NT 10.0; Win64; x64) AppleWebKit/537.36 (KHTML, like Gecko) Chrome/87.0.4280.88 Safari/537.36"
::1 - - [07/Dec/2020:13:21:47 +0000] "POST /api/addNewData HTTP/1.1" 200 48 "-" "PostmanRuntime/7.26.8"
::1 - - [07/Dec/2020:13:37:05 +0000] "GET /api/getAllData HTTP/1.1" 200 687 "-" "Mozilla/5.0 (Windows NT 10.0; Win64; x64) AppleWebKit/537.36 (KHTML, like Gecko) Chrome/87.0.4280.88 Safari/537.36"
::1 - - [07/Dec/2020:13:37:11 +0000] "GET / HTTP/1.1" 404 139 "-" "Mozilla/5.0 (Windows NT 10.0; Win64; x64) AppleWebKit/537.36 (KHTML, like Gecko) Chrome/87.0.4280.88 Safari/537.36"
::1 - - [07/Dec/2020:13:37:39 +0000] "GET /api-docs HTTP/1.1" 301 183 "-" "Mozilla/5.0 (Windows NT 10.0; Win64; x64) AppleWebKit/537.36 (KHTML, like Gecko) Chrome/87.0.4280.88 Safari/537.36"
::1 - - [07/Dec/2020:13:37:39 +0000] "GET /api-docs/ HTTP/1.1" 200 3104 "-" "Mozilla/5.0 (Windows NT 10.0; Win64; x64) AppleWebKit/537.36 (KHTML, like Gecko) Chrome/87.0.4280.88 Safari/537.36"
::1 - - [07/Dec/2020:13:37:39 +0000] "GET /api-docs/swagger-ui-init.js HTTP/1.1" 200 1644 "http://localhost:3000/api-docs/" "Mozilla/5.0 (Windows NT 10.0; Win64; x64) AppleWebKit/537.36 (KHTML, like Gecko) Chrome/87.0.4280.88 Safari/537.36"
::1 - - [07/Dec/2020:13:37:39 +0000] "GET /api-docs/swagger-ui.css HTTP/1.1" 200 143074 "http://localhost:3000/api-docs/" "Mozilla/5.0 (Windows NT 10.0; Win64; x64) AppleWebKit/537.36 (KHTML, like Gecko) Chrome/87.0.4280.88 Safari/537.36"
::1 - - [07/Dec/2020:13:37:39 +0000] "GET /api-docs/swagger-ui-standalone-preset.js HTTP/1.1" 200 329478 "http://localhost:3000/api-docs/" "Mozilla/5.0 (Windows NT 10.0; Win64; x64) AppleWebKit/537.36 (KHTML, like Gecko) Chrome/87.0.4280.88 Safari/537.36"
::1 - - [07/Dec/2020:13:37:39 +0000] "GET /api-docs/swagger-ui-bundle.js HTTP/1.1" 200 1039450 "http://localhost:3000/api-docs/" "Mozilla/5.0 (Windows NT 10.0; Win64; x64) AppleWebKit/537.36 (KHTML, like Gecko) Chrome/87.0.4280.88 Safari/537.36"
::1 - - [07/Dec/2020:13:37:39 +0000] "GET /api-docs/favicon-32x32.png HTTP/1.1" 200 628 "http://localhost:3000/api-docs/" "Mozilla/5.0 (Windows NT 10.0; Win64; x64) AppleWebKit/537.36 (KHTML, like Gecko) Chrome/87.0.4280.88 Safari/537.36"
::1 - - [07/Dec/2020:13:37:52 +0000] "GET /api-docs/ HTTP/1.1" 304 - "-" "Mozilla/5.0 (Windows NT 10.0; Win64; x64) AppleWebKit/537.36 (KHTML, like Gecko) Chrome/87.0.4280.88 Safari/537.36"
::1 - - [07/Dec/2020:13:37:52 +0000] "GET /api-docs/swagger-ui.css HTTP/1.1" 304 - "http://localhost:3000/api-docs/" "Mozilla/5.0 (Windows NT 10.0; Win64; x64) AppleWebKit/537.36 (KHTML, like Gecko) Chrome/87.0.4280.88 Safari/537.36"
::1 - - [07/Dec/2020:13:37:52 +0000] "GET /api-docs/swagger-ui-bundle.js HTTP/1.1" 304 - "http://localhost:3000/api-docs/" "Mozilla/5.0 (Windows NT 10.0; Win64; x64) AppleWebKit/537.36 (KHTML, like Gecko) Chrome/87.0.4280.88 Safari/537.36"
::1 - - [07/Dec/2020:13:37:52 +0000] "GET /api-docs/swagger-ui-init.js HTTP/1.1" 304 - "http://localhost:3000/api-docs/" "Mozilla/5.0 (Windows NT 10.0; Win64; x64) AppleWebKit/537.36 (KHTML, like Gecko) Chrome/87.0.4280.88 Safari/537.36"
::1 - - [07/Dec/2020:13:37:52 +0000] "GET /api-docs/swagger-ui-standalone-preset.js HTTP/1.1" 304 - "http://localhost:3000/api-docs/" "Mozilla/5.0 (Windows NT 10.0; Win64; x64) AppleWebKit/537.36 (KHTML, like Gecko) Chrome/87.0.4280.88 Safari/537.36"
::1 - - [07/Dec/2020:13:37:52 +0000] "GET /api-docs/favicon-32x32.png HTTP/1.1" 200 628 "http://localhost:3000/api-docs/" "Mozilla/5.0 (Windows NT 10.0; Win64; x64) AppleWebKit/537.36 (KHTML, like Gecko) Chrome/87.0.4280.88 Safari/537.36"
::1 - - [07/Dec/2020:13:40:23 +0000] "GET /api-docs/ HTTP/1.1" 304 - "-" "Mozilla/5.0 (Windows NT 10.0; Win64; x64) AppleWebKit/537.36 (KHTML, like Gecko) Chrome/87.0.4280.88 Safari/537.36"
::1 - - [07/Dec/2020:13:40:23 +0000] "GET /api-docs/swagger-ui.css HTTP/1.1" 304 - "http://localhost:3000/api-docs/" "Mozilla/5.0 (Windows NT 10.0; Win64; x64) AppleWebKit/537.36 (KHTML, like Gecko) Chrome/87.0.4280.88 Safari/537.36"
::1 - - [07/Dec/2020:13:40:23 +0000] "GET /api-docs/swagger-ui-bundle.js HTTP/1.1" 304 - "http://localhost:3000/api-docs/" "Mozilla/5.0 (Windows NT 10.0; Win64; x64) AppleWebKit/537.36 (KHTML, like Gecko) Chrome/87.0.4280.88 Safari/537.36"
::1 - - [07/Dec/2020:13:40:23 +0000] "GET /api-docs/swagger-ui-standalone-preset.js HTTP/1.1" 304 - "http://localhost:3000/api-docs/" "Mozilla/5.0 (Windows NT 10.0; Win64; x64) AppleWebKit/537.36 (KHTML, like Gecko) Chrome/87.0.4280.88 Safari/537.36"
::1 - - [07/Dec/2020:13:40:23 +0000] "GET /api-docs/swagger-ui-init.js HTTP/1.1" 304 - "http://localhost:3000/api-docs/" "Mozilla/5.0 (Windows NT 10.0; Win64; x64) AppleWebKit/537.36 (KHTML, like Gecko) Chrome/87.0.4280.88 Safari/537.36"
::1 - - [07/Dec/2020:13:40:24 +0000] "GET /api-docs/favicon-32x32.png HTTP/1.1" 200 628 "http://localhost:3000/api-docs/" "Mozilla/5.0 (Windows NT 10.0; Win64; x64) AppleWebKit/537.36 (KHTML, like Gecko) Chrome/87.0.4280.88 Safari/537.36"
::1 - - [07/Dec/2020:13:42:09 +0000] "GET /api-docs/ HTTP/1.1" 304 - "-" "Mozilla/5.0 (Windows NT 10.0; Win64; x64) AppleWebKit/537.36 (KHTML, like Gecko) Chrome/87.0.4280.88 Safari/537.36"
::1 - - [07/Dec/2020:13:42:09 +0000] "GET /api-docs/swagger-ui.css HTTP/1.1" 304 - "http://localhost:3000/api-docs/" "Mozilla/5.0 (Windows NT 10.0; Win64; x64) AppleWebKit/537.36 (KHTML, like Gecko) Chrome/87.0.4280.88 Safari/537.36"
::1 - - [07/Dec/2020:13:42:09 +0000] "GET /api-docs/swagger-ui-bundle.js HTTP/1.1" 304 - "http://localhost:3000/api-docs/" "Mozilla/5.0 (Windows NT 10.0; Win64; x64) AppleWebKit/537.36 (KHTML, like Gecko) Chrome/87.0.4280.88 Safari/537.36"
::1 - - [07/Dec/2020:13:42:09 +0000] "GET /api-docs/swagger-ui-standalone-preset.js HTTP/1.1" 304 - "http://localhost:3000/api-docs/" "Mozilla/5.0 (Windows NT 10.0; Win64; x64) AppleWebKit/537.36 (KHTML, like Gecko) Chrome/87.0.4280.88 Safari/537.36"
::1 - - [07/Dec/2020:13:42:09 +0000] "GET /api-docs/swagger-ui-init.js HTTP/1.1" 200 1644 "http://localhost:3000/api-docs/" "Mozilla/5.0 (Windows NT 10.0; Win64; x64) AppleWebKit/537.36 (KHTML, like Gecko) Chrome/87.0.4280.88 Safari/537.36"
::1 - - [07/Dec/2020:13:42:09 +0000] "GET /api-docs/favicon-32x32.png HTTP/1.1" 200 628 "http://localhost:3000/api-docs/" "Mozilla/5.0 (Windows NT 10.0; Win64; x64) AppleWebKit/537.36 (KHTML, like Gecko) Chrome/87.0.4280.88 Safari/537.36"
::1 - - [07/Dec/2020:13:42:11 +0000] "GET /api-docs/ HTTP/1.1" 304 - "-" "Mozilla/5.0 (Windows NT 10.0; Win64; x64) AppleWebKit/537.36 (KHTML, like Gecko) Chrome/87.0.4280.88 Safari/537.36"
::1 - - [07/Dec/2020:13:42:11 +0000] "GET /api-docs/swagger-ui.css HTTP/1.1" 304 - "http://localhost:3000/api-docs/" "Mozilla/5.0 (Windows NT 10.0; Win64; x64) AppleWebKit/537.36 (KHTML, like Gecko) Chrome/87.0.4280.88 Safari/537.36"
::1 - - [07/Dec/2020:13:42:11 +0000] "GET /api-docs/swagger-ui-bundle.js HTTP/1.1" 304 - "http://localhost:3000/api-docs/" "Mozilla/5.0 (Windows NT 10.0; Win64; x64) AppleWebKit/537.36 (KHTML, like Gecko) Chrome/87.0.4280.88 Safari/537.36"
::1 - - [07/Dec/2020:13:42:11 +0000] "GET /api-docs/swagger-ui-init.js HTTP/1.1" 304 - "http://localhost:3000/api-docs/" "Mozilla/5.0 (Windows NT 10.0; Win64; x64) AppleWebKit/537.36 (KHTML, like Gecko) Chrome/87.0.4280.88 Safari/537.36"
::1 - - [07/Dec/2020:13:42:11 +0000] "GET /api-docs/swagger-ui-standalone-preset.js HTTP/1.1" 304 - "http://localhost:3000/api-docs/" "Mozilla/5.0 (Windows NT 10.0; Win64; x64) AppleWebKit/537.36 (KHTML, like Gecko) Chrome/87.0.4280.88 Safari/537.36"
::1 - - [07/Dec/2020:13:42:11 +0000] "GET /api-docs/favicon-32x32.png HTTP/1.1" 200 628 "http://localhost:3000/api-docs/" "Mozilla/5.0 (Windows NT 10.0; Win64; x64) AppleWebKit/537.36 (KHTML, like Gecko) Chrome/87.0.4280.88 Safari/537.36"
::1 - - [07/Dec/2020:13:42:15 +0000] "GET /api-docs/ HTTP/1.1" 304 - "-" "Mozilla/5.0 (Windows NT 10.0; Win64; x64) AppleWebKit/537.36 (KHTML, like Gecko) Chrome/87.0.4280.88 Safari/537.36"
::1 - - [07/Dec/2020:13:42:15 +0000] "GET /api-docs/swagger-ui.css HTTP/1.1" 304 - "http://localhost:3000/api-docs/" "Mozilla/5.0 (Windows NT 10.0; Win64; x64) AppleWebKit/537.36 (KHTML, like Gecko) Chrome/87.0.4280.88 Safari/537.36"
::1 - - [07/Dec/2020:13:42:15 +0000] "GET /api-docs/swagger-ui-bundle.js HTTP/1.1" 304 - "http://localhost:3000/api-docs/" "Mozilla/5.0 (Windows NT 10.0; Win64; x64) AppleWebKit/537.36 (KHTML, like Gecko) Chrome/87.0.4280.88 Safari/537.36"
::1 - - [07/Dec/2020:13:42:15 +0000] "GET /api-docs/swagger-ui-init.js HTTP/1.1" 304 - "http://localhost:3000/api-docs/" "Mozilla/5.0 (Windows NT 10.0; Win64; x64) AppleWebKit/537.36 (KHTML, like Gecko) Chrome/87.0.4280.88 Safari/537.36"
::1 - - [07/Dec/2020:13:42:15 +0000] "GET /api-docs/swagger-ui-standalone-preset.js HTTP/1.1" 304 - "http://localhost:3000/api-docs/" "Mozilla/5.0 (Windows NT 10.0; Win64; x64) AppleWebKit/537.36 (KHTML, like Gecko) Chrome/87.0.4280.88 Safari/537.36"
::1 - - [07/Dec/2020:13:42:15 +0000] "GET /api-docs/favicon-32x32.png HTTP/1.1" 200 628 "http://localhost:3000/api-docs/" "Mozilla/5.0 (Windows NT 10.0; Win64; x64) AppleWebKit/537.36 (KHTML, like Gecko) Chrome/87.0.4280.88 Safari/537.36"
::1 - - [07/Dec/2020:13:43:33 +0000] "GET /api-docs/ HTTP/1.1" 304 - "-" "Mozilla/5.0 (Windows NT 10.0; Win64; x64) AppleWebKit/537.36 (KHTML, like Gecko) Chrome/87.0.4280.88 Safari/537.36"
::1 - - [07/Dec/2020:13:43:33 +0000] "GET /api-docs/swagger-ui.css HTTP/1.1" 304 - "http://localhost:3000/api-docs/" "Mozilla/5.0 (Windows NT 10.0; Win64; x64) AppleWebKit/537.36 (KHTML, like Gecko) Chrome/87.0.4280.88 Safari/537.36"
::1 - - [07/Dec/2020:13:43:33 +0000] "GET /api-docs/swagger-ui-init.js HTTP/1.1" 200 2976 "http://localhost:3000/api-docs/" "Mozilla/5.0 (Windows NT 10.0; Win64; x64) AppleWebKit/537.36 (KHTML, like Gecko) Chrome/87.0.4280.88 Safari/537.36"
::1 - - [07/Dec/2020:13:43:33 +0000] "GET /api-docs/swagger-ui-bundle.js HTTP/1.1" 304 - "http://localhost:3000/api-docs/" "Mozilla/5.0 (Windows NT 10.0; Win64; x64) AppleWebKit/537.36 (KHTML, like Gecko) Chrome/87.0.4280.88 Safari/537.36"
::1 - - [07/Dec/2020:13:43:33 +0000] "GET /api-docs/swagger-ui-standalone-preset.js HTTP/1.1" 304 - "http://localhost:3000/api-docs/" "Mozilla/5.0 (Windows NT 10.0; Win64; x64) AppleWebKit/537.36 (KHTML, like Gecko) Chrome/87.0.4280.88 Safari/537.36"
::1 - - [07/Dec/2020:13:43:33 +0000] "GET /api-docs/favicon-32x32.png HTTP/1.1" 200 628 "http://localhost:3000/api-docs/" "Mozilla/5.0 (Windows NT 10.0; Win64; x64) AppleWebKit/537.36 (KHTML, like Gecko) Chrome/87.0.4280.88 Safari/537.36"
::1 - - [07/Dec/2020:13:44:30 +0000] "GET /api-docs/ HTTP/1.1" 304 - "-" "Mozilla/5.0 (Windows NT 10.0; Win64; x64) AppleWebKit/537.36 (KHTML, like Gecko) Chrome/87.0.4280.88 Safari/537.36"
::1 - - [07/Dec/2020:13:44:30 +0000] "GET /api-docs/swagger-ui.css HTTP/1.1" 304 - "http://localhost:3000/api-docs/" "Mozilla/5.0 (Windows NT 10.0; Win64; x64) AppleWebKit/537.36 (KHTML, like Gecko) Chrome/87.0.4280.88 Safari/537.36"
::1 - - [07/Dec/2020:13:44:30 +0000] "GET /api-docs/swagger-ui-bundle.js HTTP/1.1" 304 - "http://localhost:3000/api-docs/" "Mozilla/5.0 (Windows NT 10.0; Win64; x64) AppleWebKit/537.36 (KHTML, like Gecko) Chrome/87.0.4280.88 Safari/537.36"
::1 - - [07/Dec/2020:13:44:30 +0000] "GET /api-docs/swagger-ui-init.js HTTP/1.1" 200 2985 "http://localhost:3000/api-docs/" "Mozilla/5.0 (Windows NT 10.0; Win64; x64) AppleWebKit/537.36 (KHTML, like Gecko) Chrome/87.0.4280.88 Safari/537.36"
::1 - - [07/Dec/2020:13:44:30 +0000] "GET /api-docs/swagger-ui-standalone-preset.js HTTP/1.1" 304 - "http://localhost:3000/api-docs/" "Mozilla/5.0 (Windows NT 10.0; Win64; x64) AppleWebKit/537.36 (KHTML, like Gecko) Chrome/87.0.4280.88 Safari/537.36"
::1 - - [07/Dec/2020:13:44:30 +0000] "GET /api-docs/favicon-32x32.png HTTP/1.1" 304 - "http://localhost:3000/api-docs/" "Mozilla/5.0 (Windows NT 10.0; Win64; x64) AppleWebKit/537.36 (KHTML, like Gecko) Chrome/87.0.4280.88 Safari/537.36"
::1 - - [07/Dec/2020:13:44:39 +0000] "GET /api/getAllData HTTP/1.1" 304 - "http://localhost:3000/api-docs/" "Mozilla/5.0 (Windows NT 10.0; Win64; x64) AppleWebKit/537.36 (KHTML, like Gecko) Chrome/87.0.4280.88 Safari/537.36"
::1 - - [07/Dec/2020:13:45:04 +0000] "GET /api/getAllData HTTP/1.1" 304 - "http://localhost:3000/api-docs/" "Mozilla/5.0 (Windows NT 10.0; Win64; x64) AppleWebKit/537.36 (KHTML, like Gecko) Chrome/87.0.4280.88 Safari/537.36"
::1 - - [07/Dec/2020:13:46:31 +0000] "GET /api-docs/ HTTP/1.1" 304 - "-" "Mozilla/5.0 (Windows NT 10.0; Win64; x64) AppleWebKit/537.36 (KHTML, like Gecko) Chrome/87.0.4280.88 Safari/537.36"
::1 - - [07/Dec/2020:13:46:31 +0000] "GET /api-docs/swagger-ui.css HTTP/1.1" 304 - "http://localhost:3000/api-docs/" "Mozilla/5.0 (Windows NT 10.0; Win64; x64) AppleWebKit/537.36 (KHTML, like Gecko) Chrome/87.0.4280.88 Safari/537.36"
::1 - - [07/Dec/2020:13:46:31 +0000] "GET /api-docs/swagger-ui-bundle.js HTTP/1.1" 304 - "http://localhost:3000/api-docs/" "Mozilla/5.0 (Windows NT 10.0; Win64; x64) AppleWebKit/537.36 (KHTML, like Gecko) Chrome/87.0.4280.88 Safari/537.36"
::1 - - [07/Dec/2020:13:46:31 +0000] "GET /api-docs/swagger-ui-init.js HTTP/1.1" 200 2023 "http://localhost:3000/api-docs/" "Mozilla/5.0 (Windows NT 10.0; Win64; x64) AppleWebKit/537.36 (KHTML, like Gecko) Chrome/87.0.4280.88 Safari/537.36"
::1 - - [07/Dec/2020:13:46:31 +0000] "GET /api-docs/swagger-ui-standalone-preset.js HTTP/1.1" 304 - "http://localhost:3000/api-docs/" "Mozilla/5.0 (Windows NT 10.0; Win64; x64) AppleWebKit/537.36 (KHTML, like Gecko) Chrome/87.0.4280.88 Safari/537.36"
::1 - - [07/Dec/2020:13:46:32 +0000] "GET /api-docs/favicon-32x32.png HTTP/1.1" 304 - "http://localhost:3000/api-docs/" "Mozilla/5.0 (Windows NT 10.0; Win64; x64) AppleWebKit/537.36 (KHTML, like Gecko) Chrome/87.0.4280.88 Safari/537.36"
::1 - - [07/Dec/2020:13:47:36 +0000] "GET /api-docs/ HTTP/1.1" 304 - "-" "Mozilla/5.0 (Windows NT 10.0; Win64; x64) AppleWebKit/537.36 (KHTML, like Gecko) Chrome/87.0.4280.88 Safari/537.36"
::1 - - [07/Dec/2020:13:47:36 +0000] "GET /api-docs/swagger-ui.css HTTP/1.1" 304 - "http://localhost:3000/api-docs/" "Mozilla/5.0 (Windows NT 10.0; Win64; x64) AppleWebKit/537.36 (KHTML, like Gecko) Chrome/87.0.4280.88 Safari/537.36"
::1 - - [07/Dec/2020:13:47:36 +0000] "GET /api-docs/swagger-ui-bundle.js HTTP/1.1" 304 - "http://localhost:3000/api-docs/" "Mozilla/5.0 (Windows NT 10.0; Win64; x64) AppleWebKit/537.36 (KHTML, like Gecko) Chrome/87.0.4280.88 Safari/537.36"
::1 - - [07/Dec/2020:13:47:36 +0000] "GET /api-docs/swagger-ui-init.js HTTP/1.1" 200 1934 "http://localhost:3000/api-docs/" "Mozilla/5.0 (Windows NT 10.0; Win64; x64) AppleWebKit/537.36 (KHTML, like Gecko) Chrome/87.0.4280.88 Safari/537.36"
::1 - - [07/Dec/2020:13:47:36 +0000] "GET /api-docs/swagger-ui-standalone-preset.js HTTP/1.1" 304 - "http://localhost:3000/api-docs/" "Mozilla/5.0 (Windows NT 10.0; Win64; x64) AppleWebKit/537.36 (KHTML, like Gecko) Chrome/87.0.4280.88 Safari/537.36"
::1 - - [07/Dec/2020:13:47:37 +0000] "GET /api-docs/favicon-32x32.png HTTP/1.1" 304 - "http://localhost:3000/api-docs/" "Mozilla/5.0 (Windows NT 10.0; Win64; x64) AppleWebKit/537.36 (KHTML, like Gecko) Chrome/87.0.4280.88 Safari/537.36"
::1 - - [07/Dec/2020:13:47:51 +0000] "GET /api/getAllData HTTP/1.1" 304 - "http://localhost:3000/api-docs/" "Mozilla/5.0 (Windows NT 10.0; Win64; x64) AppleWebKit/537.36 (KHTML, like Gecko) Chrome/87.0.4280.88 Safari/537.36"
::1 - - [07/Dec/2020:13:48:01 +0000] "GET /api-docs/ HTTP/1.1" 304 - "-" "Mozilla/5.0 (Windows NT 10.0; Win64; x64) AppleWebKit/537.36 (KHTML, like Gecko) Chrome/87.0.4280.88 Safari/537.36"
::1 - - [07/Dec/2020:13:48:01 +0000] "GET /api-docs/swagger-ui.css HTTP/1.1" 304 - "http://localhost:3000/api-docs/" "Mozilla/5.0 (Windows NT 10.0; Win64; x64) AppleWebKit/537.36 (KHTML, like Gecko) Chrome/87.0.4280.88 Safari/537.36"
::1 - - [07/Dec/2020:13:48:01 +0000] "GET /api-docs/swagger-ui-bundle.js HTTP/1.1" 304 - "http://localhost:3000/api-docs/" "Mozilla/5.0 (Windows NT 10.0; Win64; x64) AppleWebKit/537.36 (KHTML, like Gecko) Chrome/87.0.4280.88 Safari/537.36"
::1 - - [07/Dec/2020:13:48:01 +0000] "GET /api-docs/swagger-ui-init.js HTTP/1.1" 304 - "http://localhost:3000/api-docs/" "Mozilla/5.0 (Windows NT 10.0; Win64; x64) AppleWebKit/537.36 (KHTML, like Gecko) Chrome/87.0.4280.88 Safari/537.36"
::1 - - [07/Dec/2020:13:48:01 +0000] "GET /api-docs/swagger-ui-standalone-preset.js HTTP/1.1" 304 - "http://localhost:3000/api-docs/" "Mozilla/5.0 (Windows NT 10.0; Win64; x64) AppleWebKit/537.36 (KHTML, like Gecko) Chrome/87.0.4280.88 Safari/537.36"
::1 - - [07/Dec/2020:13:48:01 +0000] "GET /api-docs/favicon-32x32.png HTTP/1.1" 200 628 "http://localhost:3000/api-docs/" "Mozilla/5.0 (Windows NT 10.0; Win64; x64) AppleWebKit/537.36 (KHTML, like Gecko) Chrome/87.0.4280.88 Safari/537.36"
::1 - - [07/Dec/2020:13:48:04 +0000] "GET /api-docs/ HTTP/1.1" 304 - "-" "Mozilla/5.0 (Windows NT 10.0; Win64; x64) AppleWebKit/537.36 (KHTML, like Gecko) Chrome/87.0.4280.88 Safari/537.36"
::1 - - [07/Dec/2020:13:48:04 +0000] "GET /api-docs/swagger-ui.css HTTP/1.1" 304 - "http://localhost:3000/api-docs/" "Mozilla/5.0 (Windows NT 10.0; Win64; x64) AppleWebKit/537.36 (KHTML, like Gecko) Chrome/87.0.4280.88 Safari/537.36"
::1 - - [07/Dec/2020:13:48:04 +0000] "GET /api-docs/swagger-ui-bundle.js HTTP/1.1" 304 - "http://localhost:3000/api-docs/" "Mozilla/5.0 (Windows NT 10.0; Win64; x64) AppleWebKit/537.36 (KHTML, like Gecko) Chrome/87.0.4280.88 Safari/537.36"
::1 - - [07/Dec/2020:13:48:04 +0000] "GET /api-docs/swagger-ui-init.js HTTP/1.1" 304 - "http://localhost:3000/api-docs/" "Mozilla/5.0 (Windows NT 10.0; Win64; x64) AppleWebKit/537.36 (KHTML, like Gecko) Chrome/87.0.4280.88 Safari/537.36"
::1 - - [07/Dec/2020:13:48:04 +0000] "GET /api-docs/swagger-ui-standalone-preset.js HTTP/1.1" 304 - "http://localhost:3000/api-docs/" "Mozilla/5.0 (Windows NT 10.0; Win64; x64) AppleWebKit/537.36 (KHTML, like Gecko) Chrome/87.0.4280.88 Safari/537.36"
::1 - - [07/Dec/2020:13:48:04 +0000] "GET /api-docs/favicon-32x32.png HTTP/1.1" 200 628 "http://localhost:3000/api-docs/" "Mozilla/5.0 (Windows NT 10.0; Win64; x64) AppleWebKit/537.36 (KHTML, like Gecko) Chrome/87.0.4280.88 Safari/537.36"
::1 - - [07/Dec/2020:13:48:05 +0000] "GET /api-docs/ HTTP/1.1" 304 - "-" "Mozilla/5.0 (Windows NT 10.0; Win64; x64) AppleWebKit/537.36 (KHTML, like Gecko) Chrome/87.0.4280.88 Safari/537.36"
::1 - - [07/Dec/2020:13:48:05 +0000] "GET /api-docs/swagger-ui.css HTTP/1.1" 304 - "http://localhost:3000/api-docs/" "Mozilla/5.0 (Windows NT 10.0; Win64; x64) AppleWebKit/537.36 (KHTML, like Gecko) Chrome/87.0.4280.88 Safari/537.36"
::1 - - [07/Dec/2020:13:48:05 +0000] "GET /api-docs/swagger-ui-bundle.js HTTP/1.1" 304 - "http://localhost:3000/api-docs/" "Mozilla/5.0 (Windows NT 10.0; Win64; x64) AppleWebKit/537.36 (KHTML, like Gecko) Chrome/87.0.4280.88 Safari/537.36"
::1 - - [07/Dec/2020:13:48:05 +0000] "GET /api-docs/swagger-ui-standalone-preset.js HTTP/1.1" 304 - "http://localhost:3000/api-docs/" "Mozilla/5.0 (Windows NT 10.0; Win64; x64) AppleWebKit/537.36 (KHTML, like Gecko) Chrome/87.0.4280.88 Safari/537.36"
::1 - - [07/Dec/2020:13:48:05 +0000] "GET /api-docs/swagger-ui-init.js HTTP/1.1" 304 - "http://localhost:3000/api-docs/" "Mozilla/5.0 (Windows NT 10.0; Win64; x64) AppleWebKit/537.36 (KHTML, like Gecko) Chrome/87.0.4280.88 Safari/537.36"
::1 - - [07/Dec/2020:13:48:05 +0000] "GET /api-docs/favicon-32x32.png HTTP/1.1" 200 628 "http://localhost:3000/api-docs/" "Mozilla/5.0 (Windows NT 10.0; Win64; x64) AppleWebKit/537.36 (KHTML, like Gecko) Chrome/87.0.4280.88 Safari/537.36"
::1 - - [07/Dec/2020:13:48:05 +0000] "GET /api-docs/ HTTP/1.1" 304 - "-" "Mozilla/5.0 (Windows NT 10.0; Win64; x64) AppleWebKit/537.36 (KHTML, like Gecko) Chrome/87.0.4280.88 Safari/537.36"
::1 - - [07/Dec/2020:13:48:05 +0000] "GET /api-docs/swagger-ui.css HTTP/1.1" 304 - "http://localhost:3000/api-docs/" "Mozilla/5.0 (Windows NT 10.0; Win64; x64) AppleWebKit/537.36 (KHTML, like Gecko) Chrome/87.0.4280.88 Safari/537.36"
::1 - - [07/Dec/2020:13:48:05 +0000] "GET /api-docs/swagger-ui-bundle.js HTTP/1.1" 304 - "http://localhost:3000/api-docs/" "Mozilla/5.0 (Windows NT 10.0; Win64; x64) AppleWebKit/537.36 (KHTML, like Gecko) Chrome/87.0.4280.88 Safari/537.36"
::1 - - [07/Dec/2020:13:48:05 +0000] "GET /api-docs/swagger-ui-init.js HTTP/1.1" 304 - "http://localhost:3000/api-docs/" "Mozilla/5.0 (Windows NT 10.0; Win64; x64) AppleWebKit/537.36 (KHTML, like Gecko) Chrome/87.0.4280.88 Safari/537.36"
::1 - - [07/Dec/2020:13:48:05 +0000] "GET /api-docs/swagger-ui-standalone-preset.js HTTP/1.1" 304 - "http://localhost:3000/api-docs/" "Mozilla/5.0 (Windows NT 10.0; Win64; x64) AppleWebKit/537.36 (KHTML, like Gecko) Chrome/87.0.4280.88 Safari/537.36"
::1 - - [07/Dec/2020:13:48:05 +0000] "GET /api-docs/favicon-32x32.png HTTP/1.1" 200 628 "http://localhost:3000/api-docs/" "Mozilla/5.0 (Windows NT 10.0; Win64; x64) AppleWebKit/537.36 (KHTML, like Gecko) Chrome/87.0.4280.88 Safari/537.36"
::1 - - [07/Dec/2020:13:48:15 +0000] "GET /api/getAllData HTTP/1.1" 304 - "http://localhost:3000/api-docs/" "Mozilla/5.0 (Windows NT 10.0; Win64; x64) AppleWebKit/537.36 (KHTML, like Gecko) Chrome/87.0.4280.88 Safari/537.36"
::1 - - [07/Dec/2020:13:52:39 +0000] "GET /api-docs/ HTTP/1.1" 304 - "-" "Mozilla/5.0 (Windows NT 10.0; Win64; x64) AppleWebKit/537.36 (KHTML, like Gecko) Chrome/87.0.4280.88 Safari/537.36"
::1 - - [07/Dec/2020:13:52:39 +0000] "GET /api-docs/swagger-ui.css HTTP/1.1" 304 - "http://localhost:3000/api-docs/" "Mozilla/5.0 (Windows NT 10.0; Win64; x64) AppleWebKit/537.36 (KHTML, like Gecko) Chrome/87.0.4280.88 Safari/537.36"
::1 - - [07/Dec/2020:13:52:39 +0000] "GET /api-docs/swagger-ui-bundle.js HTTP/1.1" 304 - "http://localhost:3000/api-docs/" "Mozilla/5.0 (Windows NT 10.0; Win64; x64) AppleWebKit/537.36 (KHTML, like Gecko) Chrome/87.0.4280.88 Safari/537.36"
::1 - - [07/Dec/2020:13:52:39 +0000] "GET /api-docs/swagger-ui-init.js HTTP/1.1" 200 2211 "http://localhost:3000/api-docs/" "Mozilla/5.0 (Windows NT 10.0; Win64; x64) AppleWebKit/537.36 (KHTML, like Gecko) Chrome/87.0.4280.88 Safari/537.36"
::1 - - [07/Dec/2020:13:52:39 +0000] "GET /api-docs/swagger-ui-standalone-preset.js HTTP/1.1" 304 - "http://localhost:3000/api-docs/" "Mozilla/5.0 (Windows NT 10.0; Win64; x64) AppleWebKit/537.36 (KHTML, like Gecko) Chrome/87.0.4280.88 Safari/537.36"
::1 - - [07/Dec/2020:13:52:39 +0000] "GET /api-docs/favicon-32x32.png HTTP/1.1" 304 - "http://localhost:3000/api-docs/" "Mozilla/5.0 (Windows NT 10.0; Win64; x64) AppleWebKit/537.36 (KHTML, like Gecko) Chrome/87.0.4280.88 Safari/537.36"
::1 - - [07/Dec/2020:13:56:00 +0000] "GET /api-docs/ HTTP/1.1" 304 - "-" "Mozilla/5.0 (Windows NT 10.0; Win64; x64) AppleWebKit/537.36 (KHTML, like Gecko) Chrome/87.0.4280.88 Safari/537.36"
::1 - - [07/Dec/2020:13:56:00 +0000] "GET /api-docs/swagger-ui.css HTTP/1.1" 304 - "http://localhost:3000/api-docs/" "Mozilla/5.0 (Windows NT 10.0; Win64; x64) AppleWebKit/537.36 (KHTML, like Gecko) Chrome/87.0.4280.88 Safari/537.36"
::1 - - [07/Dec/2020:13:56:00 +0000] "GET /api-docs/swagger-ui-bundle.js HTTP/1.1" 304 - "http://localhost:3000/api-docs/" "Mozilla/5.0 (Windows NT 10.0; Win64; x64) AppleWebKit/537.36 (KHTML, like Gecko) Chrome/87.0.4280.88 Safari/537.36"
::1 - - [07/Dec/2020:13:56:00 +0000] "GET /api-docs/swagger-ui-init.js HTTP/1.1" 200 2395 "http://localhost:3000/api-docs/" "Mozilla/5.0 (Windows NT 10.0; Win64; x64) AppleWebKit/537.36 (KHTML, like Gecko) Chrome/87.0.4280.88 Safari/537.36"
::1 - - [07/Dec/2020:13:56:00 +0000] "GET /api-docs/swagger-ui-standalone-preset.js HTTP/1.1" 304 - "http://localhost:3000/api-docs/" "Mozilla/5.0 (Windows NT 10.0; Win64; x64) AppleWebKit/537.36 (KHTML, like Gecko) Chrome/87.0.4280.88 Safari/537.36"
::1 - - [07/Dec/2020:13:56:01 +0000] "GET /api-docs/favicon-32x32.png HTTP/1.1" 304 - "http://localhost:3000/api-docs/" "Mozilla/5.0 (Windows NT 10.0; Win64; x64) AppleWebKit/537.36 (KHTML, like Gecko) Chrome/87.0.4280.88 Safari/537.36"
::1 - - [07/Dec/2020:14:05:09 +0000] "GET /api-docs/ HTTP/1.1" 304 - "-" "Mozilla/5.0 (Windows NT 10.0; Win64; x64) AppleWebKit/537.36 (KHTML, like Gecko) Chrome/87.0.4280.88 Safari/537.36"
::1 - - [07/Dec/2020:14:05:09 +0000] "GET /api-docs/swagger-ui.css HTTP/1.1" 304 - "http://localhost:3000/api-docs/" "Mozilla/5.0 (Windows NT 10.0; Win64; x64) AppleWebKit/537.36 (KHTML, like Gecko) Chrome/87.0.4280.88 Safari/537.36"
::1 - - [07/Dec/2020:14:05:09 +0000] "GET /api-docs/swagger-ui-bundle.js HTTP/1.1" 304 - "http://localhost:3000/api-docs/" "Mozilla/5.0 (Windows NT 10.0; Win64; x64) AppleWebKit/537.36 (KHTML, like Gecko) Chrome/87.0.4280.88 Safari/537.36"
::1 - - [07/Dec/2020:14:05:09 +0000] "GET /api-docs/swagger-ui-init.js HTTP/1.1" 200 3555 "http://localhost:3000/api-docs/" "Mozilla/5.0 (Windows NT 10.0; Win64; x64) AppleWebKit/537.36 (KHTML, like Gecko) Chrome/87.0.4280.88 Safari/537.36"
::1 - - [07/Dec/2020:14:05:09 +0000] "GET /api-docs/swagger-ui-standalone-preset.js HTTP/1.1" 304 - "http://localhost:3000/api-docs/" "Mozilla/5.0 (Windows NT 10.0; Win64; x64) AppleWebKit/537.36 (KHTML, like Gecko) Chrome/87.0.4280.88 Safari/537.36"
::1 - - [07/Dec/2020:14:05:10 +0000] "GET /api-docs/favicon-32x32.png HTTP/1.1" 304 - "http://localhost:3000/api-docs/" "Mozilla/5.0 (Windows NT 10.0; Win64; x64) AppleWebKit/537.36 (KHTML, like Gecko) Chrome/87.0.4280.88 Safari/537.36"
::1 - - [07/Dec/2020:14:06:51 +0000] "POST /api/addNewData HTTP/1.1" 200 48 "http://localhost:3000/api-docs/" "Mozilla/5.0 (Windows NT 10.0; Win64; x64) AppleWebKit/537.36 (KHTML, like Gecko) Chrome/87.0.4280.88 Safari/537.36"
::1 - - [07/Dec/2020:14:10:51 +0000] "GET /api-docs/ HTTP/1.1" 304 - "-" "Mozilla/5.0 (Windows NT 10.0; Win64; x64) AppleWebKit/537.36 (KHTML, like Gecko) Chrome/87.0.4280.88 Safari/537.36"
::1 - - [07/Dec/2020:14:10:51 +0000] "GET /api-docs/swagger-ui.css HTTP/1.1" 304 - "http://localhost:3000/api-docs/" "Mozilla/5.0 (Windows NT 10.0; Win64; x64) AppleWebKit/537.36 (KHTML, like Gecko) Chrome/87.0.4280.88 Safari/537.36"
::1 - - [07/Dec/2020:14:10:51 +0000] "GET /api-docs/swagger-ui-bundle.js HTTP/1.1" 304 - "http://localhost:3000/api-docs/" "Mozilla/5.0 (Windows NT 10.0; Win64; x64) AppleWebKit/537.36 (KHTML, like Gecko) Chrome/87.0.4280.88 Safari/537.36"
::1 - - [07/Dec/2020:14:10:51 +0000] "GET /api-docs/swagger-ui-init.js HTTP/1.1" 200 3052 "http://localhost:3000/api-docs/" "Mozilla/5.0 (Windows NT 10.0; Win64; x64) AppleWebKit/537.36 (KHTML, like Gecko) Chrome/87.0.4280.88 Safari/537.36"
::1 - - [07/Dec/2020:14:10:51 +0000] "GET /api-docs/swagger-ui-standalone-preset.js HTTP/1.1" 304 - "http://localhost:3000/api-docs/" "Mozilla/5.0 (Windows NT 10.0; Win64; x64) AppleWebKit/537.36 (KHTML, like Gecko) Chrome/87.0.4280.88 Safari/537.36"
::1 - - [07/Dec/2020:14:10:51 +0000] "GET /api-docs/favicon-32x32.png HTTP/1.1" 304 - "http://localhost:3000/api-docs/" "Mozilla/5.0 (Windows NT 10.0; Win64; x64) AppleWebKit/537.36 (KHTML, like Gecko) Chrome/87.0.4280.88 Safari/537.36"
::1 - - [07/Dec/2020:14:11:09 +0000] "POST /api/addNewData HTTP/1.1" 200 48 "http://localhost:3000/api-docs/" "Mozilla/5.0 (Windows NT 10.0; Win64; x64) AppleWebKit/537.36 (KHTML, like Gecko) Chrome/87.0.4280.88 Safari/537.36"
::1 - - [07/Dec/2020:14:11:23 +0000] "GET /api/getAllData HTTP/1.1" 200 816 "http://localhost:3000/api-docs/" "Mozilla/5.0 (Windows NT 10.0; Win64; x64) AppleWebKit/537.36 (KHTML, like Gecko) Chrome/87.0.4280.88 Safari/537.36"
::1 - - [07/Dec/2020:16:33:11 +0000] "GET /api/getAllData HTTP/1.1" 304 - "-" "Mozilla/5.0 (Windows NT 10.0; Win64; x64) AppleWebKit/537.36 (KHTML, like Gecko) Chrome/87.0.4280.88 Safari/537.36"
::1 - - [07/Dec/2020:16:33:12 +0000] "GET /api/getAllData HTTP/1.1" 304 - "-" "Mozilla/5.0 (Windows NT 10.0; Win64; x64) AppleWebKit/537.36 (KHTML, like Gecko) Chrome/87.0.4280.88 Safari/537.36"
::1 - - [07/Dec/2020:16:33:22 +0000] "GET /api-docs/ HTTP/1.1" 304 - "-" "Mozilla/5.0 (Windows NT 10.0; Win64; x64) AppleWebKit/537.36 (KHTML, like Gecko) Chrome/87.0.4280.88 Safari/537.36"
::1 - - [07/Dec/2020:16:33:22 +0000] "GET /api-docs/swagger-ui.css HTTP/1.1" 304 - "http://localhost:3000/api-docs/" "Mozilla/5.0 (Windows NT 10.0; Win64; x64) AppleWebKit/537.36 (KHTML, like Gecko) Chrome/87.0.4280.88 Safari/537.36"
::1 - - [07/Dec/2020:16:33:22 +0000] "GET /api-docs/swagger-ui-bundle.js HTTP/1.1" 304 - "http://localhost:3000/api-docs/" "Mozilla/5.0 (Windows NT 10.0; Win64; x64) AppleWebKit/537.36 (KHTML, like Gecko) Chrome/87.0.4280.88 Safari/537.36"
::1 - - [07/Dec/2020:16:33:22 +0000] "GET /api-docs/swagger-ui-init.js HTTP/1.1" 304 - "http://localhost:3000/api-docs/" "Mozilla/5.0 (Windows NT 10.0; Win64; x64) AppleWebKit/537.36 (KHTML, like Gecko) Chrome/87.0.4280.88 Safari/537.36"
::1 - - [07/Dec/2020:16:33:22 +0000] "GET /api-docs/swagger-ui-standalone-preset.js HTTP/1.1" 304 - "http://localhost:3000/api-docs/" "Mozilla/5.0 (Windows NT 10.0; Win64; x64) AppleWebKit/537.36 (KHTML, like Gecko) Chrome/87.0.4280.88 Safari/537.36"
::1 - - [07/Dec/2020:16:33:56 +0000] "POST /api/addNewData HTTP/1.1" 200 48 "http://localhost:3000/api-docs/" "Mozilla/5.0 (Windows NT 10.0; Win64; x64) AppleWebKit/537.36 (KHTML, like Gecko) Chrome/87.0.4280.88 Safari/537.36"
::1 - - [07/Dec/2020:16:34:16 +0000] "GET /api/getAllData HTTP/1.1" 200 893 "http://localhost:3000/api-docs/" "Mozilla/5.0 (Windows NT 10.0; Win64; x64) AppleWebKit/537.36 (KHTML, like Gecko) Chrome/87.0.4280.88 Safari/537.36"
::1 - - [09/Dec/2020:18:00:33 +0000] "GET /api-docs/ HTTP/1.1" 304 - "-" "Mozilla/5.0 (Windows NT 10.0; Win64; x64) AppleWebKit/537.36 (KHTML, like Gecko) Chrome/87.0.4280.88 Safari/537.36"
::1 - - [09/Dec/2020:18:00:33 +0000] "GET /api-docs/swagger-ui-bundle.js HTTP/1.1" 304 - "http://localhost:3000/api-docs/" "Mozilla/5.0 (Windows NT 10.0; Win64; x64) AppleWebKit/537.36 (KHTML, like Gecko) Chrome/87.0.4280.88 Safari/537.36"
::1 - - [09/Dec/2020:18:00:33 +0000] "GET /api-docs/swagger-ui.css HTTP/1.1" 304 - "http://localhost:3000/api-docs/" "Mozilla/5.0 (Windows NT 10.0; Win64; x64) AppleWebKit/537.36 (KHTML, like Gecko) Chrome/87.0.4280.88 Safari/537.36"
::1 - - [09/Dec/2020:18:00:33 +0000] "GET /api-docs/swagger-ui-standalone-preset.js HTTP/1.1" 304 - "http://localhost:3000/api-docs/" "Mozilla/5.0 (Windows NT 10.0; Win64; x64) AppleWebKit/537.36 (KHTML, like Gecko) Chrome/87.0.4280.88 Safari/537.36"
::1 - - [09/Dec/2020:18:00:33 +0000] "GET /api-docs/swagger-ui-init.js HTTP/1.1" 304 - "http://localhost:3000/api-docs/" "Mozilla/5.0 (Windows NT 10.0; Win64; x64) AppleWebKit/537.36 (KHTML, like Gecko) Chrome/87.0.4280.88 Safari/537.36"
::1 - - [09/Dec/2020:18:00:51 +0000] "GET /api HTTP/1.1" 404 142 "-" "Mozilla/5.0 (Windows NT 10.0; Win64; x64) AppleWebKit/537.36 (KHTML, like Gecko) Chrome/87.0.4280.88 Safari/537.36"
::1 - - [09/Dec/2020:18:00:59 +0000] "GET /api/user HTTP/1.1" 404 147 "-" "Mozilla/5.0 (Windows NT 10.0; Win64; x64) AppleWebKit/537.36 (KHTML, like Gecko) Chrome/87.0.4280.88 Safari/537.36"
::1 - - [09/Dec/2020:18:01:08 +0000] "GET /api/user/getdata HTTP/1.1" 404 155 "-" "Mozilla/5.0 (Windows NT 10.0; Win64; x64) AppleWebKit/537.36 (KHTML, like Gecko) Chrome/87.0.4280.88 Safari/537.36"
::1 - - [09/Dec/2020:18:04:47 +0000] "GET /api/user/getAllData HTTP/1.1" 200 893 "-" "Mozilla/5.0 (Windows NT 10.0; Win64; x64) AppleWebKit/537.36 (KHTML, like Gecko) Chrome/87.0.4280.88 Safari/537.36"
::1 - - [09/Dec/2020:18:04:47 +0000] "GET /favicon.ico HTTP/1.1" 404 150 "http://localhost:3000/api/user/getAllData" "Mozilla/5.0 (Windows NT 10.0; Win64; x64) AppleWebKit/537.36 (KHTML, like Gecko) Chrome/87.0.4280.88 Safari/537.36"
::ffff:127.0.0.1 - - [09/Dec/2020:18:05:32 +0000] "GET /api/user/getAllData HTTP/1.1" 304 - "-" "Mozilla/5.0 (Windows NT 10.0; Win64; x64) AppleWebKit/537.36 (KHTML, like Gecko) Chrome/87.0.4280.88 Safari/537.36"
::1 - - [10/Dec/2020:07:49:08 +0000] "GET /api/user/getAllData HTTP/1.1" 304 - "-" "Mozilla/5.0 (Windows NT 10.0; Win64; x64) AppleWebKit/537.36 (KHTML, like Gecko) Chrome/87.0.4280.88 Safari/537.36"
::1 - - [10/Dec/2020:07:49:10 +0000] "GET /api/user/getAllData HTTP/1.1" 304 - "-" "Mozilla/5.0 (Windows NT 10.0; Win64; x64) AppleWebKit/537.36 (KHTML, like Gecko) Chrome/87.0.4280.88 Safari/537.36"
::1 - - [10/Dec/2020:07:49:11 +0000] "GET /api/user/getAllData HTTP/1.1" 304 - "-" "Mozilla/5.0 (Windows NT 10.0; Win64; x64) AppleWebKit/537.36 (KHTML, like Gecko) Chrome/87.0.4280.88 Safari/537.36"
::1 - - [10/Dec/2020:07:49:11 +0000] "GET /api/user/getAllData HTTP/1.1" 304 - "-" "Mozilla/5.0 (Windows NT 10.0; Win64; x64) AppleWebKit/537.36 (KHTML, like Gecko) Chrome/87.0.4280.88 Safari/537.36"
::1 - - [10/Dec/2020:07:49:11 +0000] "GET /api/user/getAllData HTTP/1.1" 304 - "-" "Mozilla/5.0 (Windows NT 10.0; Win64; x64) AppleWebKit/537.36 (KHTML, like Gecko) Chrome/87.0.4280.88 Safari/537.36"
::1 - - [10/Dec/2020:07:49:11 +0000] "GET /api/user/getAllData HTTP/1.1" 304 - "-" "Mozilla/5.0 (Windows NT 10.0; Win64; x64) AppleWebKit/537.36 (KHTML, like Gecko) Chrome/87.0.4280.88 Safari/537.36"
::1 - - [10/Dec/2020:07:49:11 +0000] "GET /api/user/getAllData HTTP/1.1" 304 - "-" "Mozilla/5.0 (Windows NT 10.0; Win64; x64) AppleWebKit/537.36 (KHTML, like Gecko) Chrome/87.0.4280.88 Safari/537.36"
::1 - - [10/Dec/2020:07:49:12 +0000] "GET /api/user/getAllData HTTP/1.1" 304 - "-" "Mozilla/5.0 (Windows NT 10.0; Win64; x64) AppleWebKit/537.36 (KHTML, like Gecko) Chrome/87.0.4280.88 Safari/537.36"
::1 - - [10/Dec/2020:07:49:21 +0000] "GET /api/user/getAllData HTTP/1.1" 304 - "-" "Mozilla/5.0 (Windows NT 10.0; Win64; x64) AppleWebKit/537.36 (KHTML, like Gecko) Chrome/87.0.4280.88 Safari/537.36"
::1 - - [11/Dec/2020:08:55:31 +0000] "GET /api-docs/ HTTP/1.1" 200 3104 "-" "Mozilla/5.0 (Windows NT 10.0; Win64; x64) AppleWebKit/537.36 (KHTML, like Gecko) Chrome/87.0.4280.88 Safari/537.36"
::1 - - [11/Dec/2020:08:55:31 +0000] "GET /api-docs/swagger-ui.css HTTP/1.1" 200 143074 "http://localhost:3000/api-docs/" "Mozilla/5.0 (Windows NT 10.0; Win64; x64) AppleWebKit/537.36 (KHTML, like Gecko) Chrome/87.0.4280.88 Safari/537.36"
::1 - - [11/Dec/2020:08:55:31 +0000] "GET /api-docs/swagger-ui-init.js HTTP/1.1" 200 3052 "http://localhost:3000/api-docs/" "Mozilla/5.0 (Windows NT 10.0; Win64; x64) AppleWebKit/537.36 (KHTML, like Gecko) Chrome/87.0.4280.88 Safari/537.36"
::1 - - [11/Dec/2020:08:55:31 +0000] "GET /api-docs/swagger-ui-standalone-preset.js HTTP/1.1" 200 329478 "http://localhost:3000/api-docs/" "Mozilla/5.0 (Windows NT 10.0; Win64; x64) AppleWebKit/537.36 (KHTML, like Gecko) Chrome/87.0.4280.88 Safari/537.36"
::1 - - [11/Dec/2020:08:55:31 +0000] "GET /api-docs/swagger-ui-bundle.js HTTP/1.1" 200 1039450 "http://localhost:3000/api-docs/" "Mozilla/5.0 (Windows NT 10.0; Win64; x64) AppleWebKit/537.36 (KHTML, like Gecko) Chrome/87.0.4280.88 Safari/537.36"
::1 - - [11/Dec/2020:08:55:32 +0000] "GET /api-docs/favicon-32x32.png HTTP/1.1" 200 628 "http://localhost:3000/api-docs/" "Mozilla/5.0 (Windows NT 10.0; Win64; x64) AppleWebKit/537.36 (KHTML, like Gecko) Chrome/87.0.4280.88 Safari/537.36"
::1 - - [11/Dec/2020:08:55:47 +0000] "GET /api/getAllData HTTP/1.1" 404 153 "-" "Mozilla/5.0 (Windows NT 10.0; Win64; x64) AppleWebKit/537.36 (KHTML, like Gecko) Chrome/87.0.4280.88 Safari/537.36"
::1 - - [11/Dec/2020:08:55:57 +0000] "GET /api/user/getAllData HTTP/1.1" 200 893 "-" "Mozilla/5.0 (Windows NT 10.0; Win64; x64) AppleWebKit/537.36 (KHTML, like Gecko) Chrome/87.0.4280.88 Safari/537.36"
::1 - - [11/Dec/2020:08:55:57 +0000] "GET /favicon.ico HTTP/1.1" 404 150 "http://localhost:3000/api/user/getAllData" "Mozilla/5.0 (Windows NT 10.0; Win64; x64) AppleWebKit/537.36 (KHTML, like Gecko) Chrome/87.0.4280.88 Safari/537.36"
::1 - - [11/Dec/2020:09:13:54 +0000] "GET / HTTP/1.1" 200 22 "-" "Mozilla/5.0 (Windows NT 10.0; Win64; x64) AppleWebKit/537.36 (KHTML, like Gecko) Chrome/87.0.4280.88 Safari/537.36"
::1 - - [11/Dec/2020:09:14:12 +0000] "GET /api HTTP/1.1" 404 142 "-" "Mozilla/5.0 (Windows NT 10.0; Win64; x64) AppleWebKit/537.36 (KHTML, like Gecko) Chrome/87.0.4280.88 Safari/537.36"
::1 - - [11/Dec/2020:09:14:43 +0000] "GET /api-docs/ HTTP/1.1" 304 - "-" "Mozilla/5.0 (Windows NT 10.0; Win64; x64) AppleWebKit/537.36 (KHTML, like Gecko) Chrome/87.0.4280.88 Safari/537.36"
::1 - - [11/Dec/2020:09:14:43 +0000] "GET /api-docs/swagger-ui.css HTTP/1.1" 304 - "http://localhost:3000/api-docs/" "Mozilla/5.0 (Windows NT 10.0; Win64; x64) AppleWebKit/537.36 (KHTML, like Gecko) Chrome/87.0.4280.88 Safari/537.36"
::1 - - [11/Dec/2020:09:14:43 +0000] "GET /api-docs/swagger-ui-bundle.js HTTP/1.1" 304 - "http://localhost:3000/api-docs/" "Mozilla/5.0 (Windows NT 10.0; Win64; x64) AppleWebKit/537.36 (KHTML, like Gecko) Chrome/87.0.4280.88 Safari/537.36"
::1 - - [11/Dec/2020:09:14:43 +0000] "GET /api-docs/swagger-ui-init.js HTTP/1.1" 304 - "http://localhost:3000/api-docs/" "Mozilla/5.0 (Windows NT 10.0; Win64; x64) AppleWebKit/537.36 (KHTML, like Gecko) Chrome/87.0.4280.88 Safari/537.36"
::1 - - [11/Dec/2020:09:14:43 +0000] "GET /api-docs/swagger-ui-standalone-preset.js HTTP/1.1" 304 - "http://localhost:3000/api-docs/" "Mozilla/5.0 (Windows NT 10.0; Win64; x64) AppleWebKit/537.36 (KHTML, like Gecko) Chrome/87.0.4280.88 Safari/537.36"
::1 - - [11/Dec/2020:09:14:43 +0000] "GET /api-docs/favicon-32x32.png HTTP/1.1" 200 628 "http://localhost:3000/api-docs/" "Mozilla/5.0 (Windows NT 10.0; Win64; x64) AppleWebKit/537.36 (KHTML, like Gecko) Chrome/87.0.4280.88 Safari/537.36"
::1 - - [11/Dec/2020:09:26:08 +0000] "POST /api/auth/registration HTTP/1.1" 200 48 "-" "PostmanRuntime/7.26.8"
::1 - - [11/Dec/2020:09:29:14 +0000] "POST /api/auth/login HTTP/1.1" 500 43 "-" "PostmanRuntime/7.26.8"
::1 - - [11/Dec/2020:09:30:39 +0000] "POST /api/auth/login HTTP/1.1" 500 43 "-" "PostmanRuntime/7.26.8"
::1 - - [11/Dec/2020:09:31:57 +0000] "POST /api/auth/login HTTP/1.1" 500 43 "-" "PostmanRuntime/7.26.8"
::1 - - [11/Dec/2020:09:48:18 +0000] "POST /api/auth/registration HTTP/1.1" 200 48 "-" "PostmanRuntime/7.26.8"
::1 - - [11/Dec/2020:09:55:16 +0000] "POST /api/auth/registration HTTP/1.1" 200 24 "-" "PostmanRuntime/7.26.8"
::1 - - [11/Dec/2020:10:04:36 +0000] "POST /api/auth/login HTTP/1.1" 200 37 "-" "PostmanRuntime/7.26.8"
::1 - - [11/Dec/2020:10:05:13 +0000] "POST /api/auth/login HTTP/1.1" 200 14 "-" "PostmanRuntime/7.26.8"
::1 - - [11/Dec/2020:10:05:48 +0000] "POST /api/auth/login HTTP/1.1" 200 14 "-" "PostmanRuntime/7.26.8"
::1 - - [11/Dec/2020:10:06:20 +0000] "POST /api/auth/login HTTP/1.1" 200 18 "-" "PostmanRuntime/7.26.8"
::1 - - [11/Dec/2020:10:15:22 +0000] "POST /api/auth/login HTTP/1.1" 200 202 "-" "PostmanRuntime/7.26.8"
::1 - - [11/Dec/2020:10:18:26 +0000] "GET /api/user/getAllData HTTP/1.1" 200 1087 "-" "Mozilla/5.0 (Windows NT 10.0; Win64; x64) AppleWebKit/537.36 (KHTML, like Gecko) Chrome/87.0.4280.88 Safari/537.36"
::1 - - [11/Dec/2020:10:18:28 +0000] "GET /api/user/getAllData HTTP/1.1" 304 - "-" "Mozilla/5.0 (Windows NT 10.0; Win64; x64) AppleWebKit/537.36 (KHTML, like Gecko) Chrome/87.0.4280.88 Safari/537.36"
::1 - - [11/Dec/2020:10:18:46 +0000] "GET /api/user/getAllData HTTP/1.1" 500 1529 "-" "Mozilla/5.0 (Windows NT 10.0; Win64; x64) AppleWebKit/537.36 (KHTML, like Gecko) Chrome/87.0.4280.88 Safari/537.36"
::1 - - [11/Dec/2020:10:19:00 +0000] "GET /api/user/getAllData HTTP/1.1" 500 1529 "-" "PostmanRuntime/7.26.8"
::1 - - [11/Dec/2020:10:20:01 +0000] "GET /api/user/getAllData HTTP/1.1" 500 1529 "-" "PostmanRuntime/7.26.8"
::1 - - [11/Dec/2020:10:20:42 +0000] "GET /api/user/getAllData HTTP/1.1" 500 1529 "-" "PostmanRuntime/7.26.8"
::1 - - [11/Dec/2020:10:21:27 +0000] "GET /api/user/getAllData HTTP/1.1" 500 1527 "-" "PostmanRuntime/7.26.8"
::1 - - [11/Dec/2020:10:22:00 +0000] "GET /api/user/getAllData HTTP/1.1" 500 1527 "-" "PostmanRuntime/7.26.8"
::1 - - [11/Dec/2020:10:23:01 +0000] "GET /api/user/getAllData HTTP/1.1" 500 1527 "-" "PostmanRuntime/7.26.8"
::1 - - [11/Dec/2020:10:24:46 +0000] "GET /api/user/getAllData HTTP/1.1" 200 1087 "-" "PostmanRuntime/7.26.8"
::1 - - [11/Dec/2020:10:27:02 +0000] "GET /api/user/getAllData HTTP/1.1" 200 1087 "-" "PostmanRuntime/7.26.8"
::1 - - [11/Dec/2020:10:27:26 +0000] "GET /api/user/getAllData HTTP/1.1" 500 1479 "-" "PostmanRuntime/7.26.8"
::1 - - [11/Dec/2020:10:31:02 +0000] "GET /api/user/getAllData HTTP/1.1" 200 1087 "-" "PostmanRuntime/7.26.8"
::1 - - [11/Dec/2020:10:31:23 +0000] "GET /api/user/getAllData HTTP/1.1" 500 1534 "-" "PostmanRuntime/7.26.8"
::1 - - [11/Dec/2020:10:31:36 +0000] "GET /api/user/getAllData HTTP/1.1" 500 1534 "-" "PostmanRuntime/7.26.8"
::1 - - [11/Dec/2020:10:31:49 +0000] "GET /api/user/getAllData HTTP/1.1" 500 1534 "-" "PostmanRuntime/7.26.8"
::1 - - [11/Dec/2020:10:32:04 +0000] "GET /api/user/getAllData HTTP/1.1" 200 1087 "-" "PostmanRuntime/7.26.8"
::1 - - [11/Dec/2020:10:33:36 +0000] "GET /api/user/getAllData HTTP/1.1" 500 1479 "-" "PostmanRuntime/7.26.8"
::1 - - [11/Dec/2020:10:34:01 +0000] "GET /api/user/getAllData HTTP/1.1" 500 1479 "-" "PostmanRuntime/7.26.8"
::1 - - [11/Dec/2020:10:34:15 +0000] "GET /api/user/getAllData HTTP/1.1" 500 1479 "-" "PostmanRuntime/7.26.8"
::1 - - [11/Dec/2020:10:34:40 +0000] "GET /api/user/getAllData HTTP/1.1" 500 1479 "-" "PostmanRuntime/7.26.8"
::1 - - [11/Dec/2020:10:34:42 +0000] "GET /api/user/getAllData HTTP/1.1" 500 1479 "-" "PostmanRuntime/7.26.8"
::1 - - [11/Dec/2020:10:34:58 +0000] "GET /api/user/getAllData HTTP/1.1" 500 1479 "-" "PostmanRuntime/7.26.8"
::1 - - [11/Dec/2020:13:26:57 +0000] "GET /api/user/getAllData HTTP/1.1" 500 1479 "-" "PostmanRuntime/7.26.8"
::1 - - [11/Dec/2020:13:27:16 +0000] "POST /api/auth/login HTTP/1.1" 200 202 "-" "PostmanRuntime/7.26.8"
::1 - - [11/Dec/2020:13:27:36 +0000] "GET /api/user/getAllData HTTP/1.1" 200 1087 "-" "PostmanRuntime/7.26.8"
::1 - - [11/Dec/2020:13:27:53 +0000] "GET /api/user/getAllData HTTP/1.1" 200 1087 "-" "PostmanRuntime/7.26.8"
::1 - - [11/Dec/2020:13:28:09 +0000] "GET /api/user/getAllData HTTP/1.1" 500 1479 "-" "PostmanRuntime/7.26.8"
::1 - - [11/Dec/2020:13:29:57 +0000] "GET /api/user/getAllData HTTP/1.1" 403 59 "-" "PostmanRuntime/7.26.8"
::1 - - [11/Dec/2020:13:31:24 +0000] "GET /api/user/getAllData HTTP/1.1" 403 86 "-" "PostmanRuntime/7.26.8"
::1 - - [11/Dec/2020:13:32:11 +0000] "GET /api/user/getAllData HTTP/1.1" 200 1087 "-" "PostmanRuntime/7.26.8"
::1 - - [11/Dec/2020:13:32:16 +0000] "GET /api/user/getAllData HTTP/1.1" 500 1534 "-" "PostmanRuntime/7.26.8"
::1 - - [11/Dec/2020:13:32:57 +0000] "GET /api/user/getAllData HTTP/1.1" 403 48 "-" "PostmanRuntime/7.26.8"
::ffff:127.0.0.1 - - [11/Dec/2020:13:33:31 +0000] "GET /api/user/getAllData HTTP/1.1" 403 1529 "-" "PostmanRuntime/7.26.8"
::1 - - [11/Dec/2020:13:35:02 +0000] "GET /api/user/getAllData HTTP/1.1" 403 48 "-" "PostmanRuntime/7.26.8"
::1 - - [11/Dec/2020:13:35:08 +0000] "POST /api/auth/login HTTP/1.1" 200 202 "-" "PostmanRuntime/7.26.8"
::1 - - [11/Dec/2020:13:35:10 +0000] "POST /api/auth/login HTTP/1.1" 200 202 "-" "PostmanRuntime/7.26.8"
::1 - - [11/Dec/2020:13:35:12 +0000] "POST /api/auth/login HTTP/1.1" 200 202 "-" "PostmanRuntime/7.26.8"
::1 - - [11/Dec/2020:18:24:40 +0000] "POST /api/auth/login HTTP/1.1" 200 202 "-" "PostmanRuntime/7.26.8"
::1 - - [11/Dec/2020:19:16:29 +0000] "POST /api/auth/login HTTP/1.1" 500 112 "-" "PostmanRuntime/7.26.8"
::1 - - [11/Dec/2020:19:18:00 +0000] "POST /api/auth/login HTTP/1.1" 500 112 "-" "PostmanRuntime/7.26.8"
::1 - - [11/Dec/2020:19:18:02 +0000] "POST /api/auth/login HTTP/1.1" 500 112 "-" "PostmanRuntime/7.26.8"
::1 - - [11/Dec/2020:19:18:46 +0000] "POST /api/auth/login HTTP/1.1" 500 111 "-" "PostmanRuntime/7.26.8"
::ffff:127.0.0.1 - - [11/Dec/2020:19:19:16 +0000] "POST /api/auth/login HTTP/1.1" 500 41 "-" "PostmanRuntime/7.26.8"
::1 - - [11/Dec/2020:19:21:01 +0000] "POST /api/auth/login HTTP/1.1" 500 41 "-" "PostmanRuntime/7.26.8"
::1 - - [11/Dec/2020:19:21:05 +0000] "POST /api/auth/login HTTP/1.1" 500 41 "-" "PostmanRuntime/7.26.8"
::1 - - [11/Dec/2020:19:21:43 +0000] "POST /api/auth/login HTTP/1.1" 500 41 "-" "PostmanRuntime/7.26.8"
::1 - - [11/Dec/2020:19:21:45 +0000] "POST /api/auth/login HTTP/1.1" 500 41 "-" "PostmanRuntime/7.26.8"
::1 - - [11/Dec/2020:19:21:58 +0000] "POST /api/auth/login HTTP/1.1" 500 41 "-" "PostmanRuntime/7.26.8"
::1 - - [11/Dec/2020:19:26:41 +0000] "POST /api/auth/login HTTP/1.1" 500 50 "-" "PostmanRuntime/7.26.8"
::1 - - [11/Dec/2020:19:27:30 +0000] "POST /api/auth/login HTTP/1.1" 500 50 "-" "PostmanRuntime/7.26.8"
::1 - - [11/Dec/2020:19:31:56 +0000] "POST /api/auth/login HTTP/1.1" 500 50 "-" "PostmanRuntime/7.26.8"
::1 - - [11/Dec/2020:19:33:41 +0000] "POST /api/auth/login HTTP/1.1" 500 50 "-" "PostmanRuntime/7.26.8"
::1 - - [11/Dec/2020:19:35:55 +0000] "POST /api/auth/login HTTP/1.1" 200 202 "-" "PostmanRuntime/7.26.8"
::1 - - [11/Dec/2020:19:36:12 +0000] "POST /api/auth/login HTTP/1.1" 200 202 "-" "PostmanRuntime/7.26.8"
::1 - - [11/Dec/2020:19:36:14 +0000] "POST /api/auth/login HTTP/1.1" 200 202 "-" "PostmanRuntime/7.26.8"
::1 - - [11/Dec/2020:19:36:15 +0000] "POST /api/auth/login HTTP/1.1" 200 14 "-" "PostmanRuntime/7.26.8"
::1 - - [11/Dec/2020:19:59:45 +0000] "POST /api/auth/login HTTP/1.1" 500 19 "-" "PostmanRuntime/7.26.8"
::1 - - [11/Dec/2020:20:00:45 +0000] "POST /api/auth/login HTTP/1.1" 500 19 "-" "PostmanRuntime/7.26.8"
::1 - - [11/Dec/2020:20:03:56 +0000] "POST /api/auth/login HTTP/1.1" 200 202 "-" "PostmanRuntime/7.26.8"
::ffff:127.0.0.1 - - [11/Dec/2020:21:06:53 +0000] "POST /api/auth/login HTTP/1.1" 200 202 "-" "PostmanRuntime/7.26.8"
::ffff:127.0.0.1 - - [11/Dec/2020:21:06:55 +0000] "POST /api/auth/login HTTP/1.1" 500 19 "-" "PostmanRuntime/7.26.8"
::ffff:127.0.0.1 - - [11/Dec/2020:21:06:59 +0000] "POST /api/auth/login HTTP/1.1" 500 19 "-" "PostmanRuntime/7.26.8"
::ffff:127.0.0.1 - - [11/Dec/2020:21:07:00 +0000] "POST /api/auth/login HTTP/1.1" 500 19 "-" "PostmanRuntime/7.26.8"
::1 - - [11/Dec/2020:21:20:43 +0000] "POST /api/auth/login HTTP/1.1" 500 19 "-" "PostmanRuntime/7.26.8"
::1 - - [11/Dec/2020:21:26:43 +0000] "POST /api/auth/login HTTP/1.1" 500 19 "-" "PostmanRuntime/7.26.8"
::1 - - [11/Dec/2020:21:26:45 +0000] "POST /api/auth/login HTTP/1.1" 500 19 "-" "PostmanRuntime/7.26.8"
::1 - - [11/Dec/2020:21:27:27 +0000] "POST /api/auth/login HTTP/1.1" 500 19 "-" "PostmanRuntime/7.26.8"
::1 - - [11/Dec/2020:21:28:12 +0000] "POST /api/auth/login HTTP/1.1" 500 19 "-" "PostmanRuntime/7.26.8"
::1 - - [11/Dec/2020:21:29:37 +0000] "POST /api/auth/login HTTP/1.1" 500 19 "-" "PostmanRuntime/7.26.8"
::1 - - [11/Dec/2020:21:32:17 +0000] "POST /api/auth/login HTTP/1.1" 500 19 "-" "PostmanRuntime/7.26.8"
::1 - - [11/Dec/2020:21:32:19 +0000] "POST /api/auth/login HTTP/1.1" 500 19 "-" "PostmanRuntime/7.26.8"
::1 - - [11/Dec/2020:21:35:59 +0000] "POST /api/auth/login HTTP/1.1" 500 19 "-" "PostmanRuntime/7.26.8"
::ffff:127.0.0.1 - - [11/Dec/2020:21:36:40 +0000] "POST /api/auth/login HTTP/1.1" 500 20 "-" "PostmanRuntime/7.26.8"
::ffff:127.0.0.1 - - [11/Dec/2020:21:36:57 +0000] "POST /api/auth/login HTTP/1.1" 500 20 "-" "PostmanRuntime/7.26.8"
::ffff:127.0.0.1 - - [11/Dec/2020:21:36:58 +0000] "POST /api/auth/login HTTP/1.1" 500 20 "-" "PostmanRuntime/7.26.8"
::1 - - [11/Dec/2020:21:37:46 +0000] "POST /api/auth/login HTTP/1.1" 500 20 "-" "PostmanRuntime/7.26.8"
::1 - - [11/Dec/2020:21:37:48 +0000] "POST /api/auth/login HTTP/1.1" 500 20 "-" "PostmanRuntime/7.26.8"
::1 - - [11/Dec/2020:21:39:05 +0000] "POST /api/auth/login HTTP/1.1" 500 20 "-" "PostmanRuntime/7.26.8"
::1 - - [11/Dec/2020:21:39:06 +0000] "POST /api/auth/login HTTP/1.1" 500 20 "-" "PostmanRuntime/7.26.8"
::1 - - [11/Dec/2020:21:39:08 +0000] "POST /api/auth/login HTTP/1.1" 500 20 "-" "PostmanRuntime/7.26.8"
::1 - - [11/Dec/2020:21:39:37 +0000] "POST /api/auth/login HTTP/1.1" 500 50 "-" "PostmanRuntime/7.26.8"
::1 - - [11/Dec/2020:21:40:04 +0000] "POST /api/auth/login HTTP/1.1" 200 202 "-" "PostmanRuntime/7.26.8"
::1 - - [11/Dec/2020:21:41:00 +0000] "POST /api/auth/login HTTP/1.1" 200 202 "-" "PostmanRuntime/7.26.8"
::1 - - [11/Dec/2020:21:41:01 +0000] "POST /api/auth/login HTTP/1.1" 200 202 "-" "PostmanRuntime/7.26.8"
::1 - - [11/Dec/2020:21:41:02 +0000] "POST /api/auth/login HTTP/1.1" 200 202 "-" "PostmanRuntime/7.26.8"
::1 - - [11/Dec/2020:21:41:03 +0000] "POST /api/auth/login HTTP/1.1" 200 202 "-" "PostmanRuntime/7.26.8"
::1 - - [11/Dec/2020:21:41:03 +0000] "POST /api/auth/login HTTP/1.1" 200 202 "-" "PostmanRuntime/7.26.8"
::1 - - [11/Dec/2020:21:41:04 +0000] "POST /api/auth/login HTTP/1.1" 200 202 "-" "PostmanRuntime/7.26.8"
::1 - - [11/Dec/2020:21:41:05 +0000] "POST /api/auth/login HTTP/1.1" 200 202 "-" "PostmanRuntime/7.26.8"
::1 - - [11/Dec/2020:21:41:06 +0000] "POST /api/auth/login HTTP/1.1" 200 202 "-" "PostmanRuntime/7.26.8"
::1 - - [11/Dec/2020:21:41:07 +0000] "POST /api/auth/login HTTP/1.1" 200 202 "-" "PostmanRuntime/7.26.8"
::1 - - [11/Dec/2020:21:41:08 +0000] "POST /api/auth/login HTTP/1.1" 200 202 "-" "PostmanRuntime/7.26.8"
::1 - - [11/Dec/2020:21:41:09 +0000] "POST /api/auth/login HTTP/1.1" 200 202 "-" "PostmanRuntime/7.26.8"
::1 - - [11/Dec/2020:21:41:10 +0000] "POST /api/auth/login HTTP/1.1" 200 202 "-" "PostmanRuntime/7.26.8"
::1 - - [11/Dec/2020:21:41:11 +0000] "POST /api/auth/login HTTP/1.1" 200 202 "-" "PostmanRuntime/7.26.8"
::1 - - [11/Dec/2020:21:41:11 +0000] "POST /api/auth/login HTTP/1.1" 200 202 "-" "PostmanRuntime/7.26.8"
::1 - - [11/Dec/2020:21:41:33 +0000] "POST /api/auth/login HTTP/1.1" 200 202 "-" "PostmanRuntime/7.26.8"
::1 - - [11/Dec/2020:21:41:36 +0000] "POST /api/auth/login HTTP/1.1" 200 202 "-" "PostmanRuntime/7.26.8"
::1 - - [11/Dec/2020:21:41:38 +0000] "POST /api/auth/login HTTP/1.1" 200 202 "-" "PostmanRuntime/7.26.8"
::1 - - [11/Dec/2020:21:41:40 +0000] "POST /api/auth/login HTTP/1.1" 200 202 "-" "PostmanRuntime/7.26.8"
::ffff:127.0.0.1 - - [11/Dec/2020:21:43:03 +0000] "POST /api/auth/login HTTP/1.1" 200 202 "-" "PostmanRuntime/7.26.8"
::ffff:127.0.0.1 - - [11/Dec/2020:21:43:55 +0000] "POST /api/auth/login HTTP/1.1" 200 202 "-" "PostmanRuntime/7.26.8"
::ffff:127.0.0.1 - - [11/Dec/2020:21:43:57 +0000] "POST /api/auth/login HTTP/1.1" 200 202 "-" "PostmanRuntime/7.26.8"
::ffff:127.0.0.1 - - [11/Dec/2020:21:43:58 +0000] "POST /api/auth/login HTTP/1.1" 200 202 "-" "PostmanRuntime/7.26.8"
::ffff:127.0.0.1 - - [11/Dec/2020:21:43:59 +0000] "POST /api/auth/login HTTP/1.1" 200 202 "-" "PostmanRuntime/7.26.8"
::ffff:127.0.0.1 - - [11/Dec/2020:21:44:04 +0000] "POST /api/auth/login HTTP/1.1" 200 202 "-" "PostmanRuntime/7.26.8"
::ffff:127.0.0.1 - - [11/Dec/2020:21:44:05 +0000] "POST /api/auth/login HTTP/1.1" 200 202 "-" "PostmanRuntime/7.26.8"
::ffff:127.0.0.1 - - [11/Dec/2020:21:44:06 +0000] "POST /api/auth/login HTTP/1.1" 200 202 "-" "PostmanRuntime/7.26.8"
::ffff:127.0.0.1 - - [11/Dec/2020:21:44:07 +0000] "POST /api/auth/login HTTP/1.1" 200 202 "-" "PostmanRuntime/7.26.8"
::ffff:127.0.0.1 - - [11/Dec/2020:21:44:08 +0000] "POST /api/auth/login HTTP/1.1" 200 202 "-" "PostmanRuntime/7.26.8"
::ffff:127.0.0.1 - - [11/Dec/2020:21:44:09 +0000] "POST /api/auth/login HTTP/1.1" 200 202 "-" "PostmanRuntime/7.26.8"
::ffff:127.0.0.1 - - [11/Dec/2020:21:44:10 +0000] "POST /api/auth/login HTTP/1.1" 200 202 "-" "PostmanRuntime/7.26.8"
::1 - - [11/Dec/2020:21:49:55 +0000] "POST /api/auth/login HTTP/1.1" 200 202 "-" "PostmanRuntime/7.26.8"
::1 - - [11/Dec/2020:21:49:56 +0000] "POST /api/auth/login HTTP/1.1" 200 202 "-" "PostmanRuntime/7.26.8"
::1 - - [11/Dec/2020:21:49:57 +0000] "POST /api/auth/login HTTP/1.1" 200 202 "-" "PostmanRuntime/7.26.8"
::1 - - [11/Dec/2020:21:50:31 +0000] "GET /api/user/getAllData HTTP/1.1" 200 1087 "-" "PostmanRuntime/7.26.8"
::1 - - [12/Dec/2020:09:49:58 +0000] "GET /api/user/getAllData HTTP/1.1" 403 48 "-" "PostmanRuntime/7.26.8"
::1 - - [12/Dec/2020:09:52:47 +0000] "POST /api/login HTTP/1.1" 403 48 "-" "PostmanRuntime/7.26.8"
::1 - - [12/Dec/2020:09:53:15 +0000] "GET /api/user/getAllData HTTP/1.1" 403 119 "-" "PostmanRuntime/7.26.8"
::1 - - [12/Dec/2020:09:53:38 +0000] "GET /api/user/getAllData HTTP/1.1" 403 119 "-" "PostmanRuntime/7.26.8"
::1 - - [12/Dec/2020:09:54:38 +0000] "POST /api/registration HTTP/1.1" 403 48 "-" "PostmanRuntime/7.26.8"
::1 - - [12/Dec/2020:09:55:13 +0000] "POST /api/registration HTTP/1.1" 403 48 "-" "PostmanRuntime/7.26.8"
::1 - - [12/Dec/2020:09:56:12 +0000] "POST /api/user/registration HTTP/1.1" 403 48 "-" "PostmanRuntime/7.26.8"
::1 - - [12/Dec/2020:09:57:06 +0000] "POST /auth/registration HTTP/1.1" 403 48 "-" "PostmanRuntime/7.26.8"
::1 - - [12/Dec/2020:09:57:08 +0000] "POST /auth/registration HTTP/1.1" 403 48 "-" "PostmanRuntime/7.26.8"
::1 - - [12/Dec/2020:09:57:24 +0000] "POST /api/addNewData HTTP/1.1" 403 48 "-" "PostmanRuntime/7.26.8"
::1 - - [12/Dec/2020:10:00:56 +0000] "POST /api/registration HTTP/1.1" 403 48 "-" "PostmanRuntime/7.26.8"
::1 - - [12/Dec/2020:10:01:09 +0000] "POST /api/auth/registration HTTP/1.1" 200 48 "-" "PostmanRuntime/7.26.8"
::1 - - [12/Dec/2020:10:02:11 +0000] "GET /api/user/getAllData HTTP/1.1" 403 119 "-" "PostmanRuntime/7.26.8"
::1 - - [12/Dec/2020:10:02:36 +0000] "POST /api/auth/login HTTP/1.1" 200 14 "-" "PostmanRuntime/7.26.8"
::1 - - [12/Dec/2020:10:03:01 +0000] "POST /api/auth/login HTTP/1.1" 200 199 "-" "PostmanRuntime/7.26.8"
::1 - - [12/Dec/2020:10:03:22 +0000] "GET /api/user/getAllData HTTP/1.1" 403 119 "-" "PostmanRuntime/7.26.8"
::1 - - [12/Dec/2020:10:03:46 +0000] "GET /api/user/getAllData HTTP/1.1" 200 1364 "-" "PostmanRuntime/7.26.8"
::1 - - [12/Dec/2020:10:04:04 +0000] "GET /api/user/getAllData HTTP/1.1" 200 1364 "-" "PostmanRuntime/7.26.8"
::1 - - [12/Dec/2020:10:04:57 +0000] "POST /items HTTP/1.1" 403 48 "-" "PostmanRuntime/7.26.8"
::1 - - [12/Dec/2020:10:08:54 +0000] "DELETE /api/deleteData HTTP/1.1" 403 48 "-" "PostmanRuntime/7.26.8"
::1 - - [12/Dec/2020:10:09:23 +0000] "GET /api/user/getAllData HTTP/1.1" 403 119 "-" "PostmanRuntime/7.26.8"
::1 - - [12/Dec/2020:10:09:40 +0000] "GET /api/user/getAllData HTTP/1.1" 403 119 "-" "PostmanRuntime/7.26.8"
::1 - - [12/Dec/2020:10:09:49 +0000] "POST /api/auth/login HTTP/1.1" 200 199 "-" "PostmanRuntime/7.26.8"
::1 - - [12/Dec/2020:10:10:04 +0000] "GET /api/user/getAllData HTTP/1.1" 200 1364 "-" "PostmanRuntime/7.26.8"
::1 - - [12/Dec/2020:10:10:55 +0000] "DELETE /api/deleteData HTTP/1.1" 404 156 "-" "PostmanRuntime/7.26.8"
::1 - - [12/Dec/2020:10:11:15 +0000] "DELETE /api/auth/deleteData HTTP/1.1" 404 161 "-" "PostmanRuntime/7.26.8"
::1 - - [12/Dec/2020:10:11:56 +0000] "DELETE /api/auth/deleteData HTTP/1.1" 404 161 "-" "PostmanRuntime/7.26.8"
::1 - - [12/Dec/2020:10:12:26 +0000] "DELETE /api/user/deleteData HTTP/1.1" 200 48 "-" "PostmanRuntime/7.26.8"
::1 - - [12/Dec/2020:10:12:54 +0000] "DELETE /api/user/deleteData HTTP/1.1" 200 48 "-" "PostmanRuntime/7.26.8"
::1 - - [12/Dec/2020:10:15:02 +0000] "DELETE /user/deleteData HTTP/1.1" 404 157 "-" "PostmanRuntime/7.26.8"
::1 - - [12/Dec/2020:10:15:12 +0000] "DELETE /api/user/deleteData HTTP/1.1" 200 48 "-" "PostmanRuntime/7.26.8"
